<?xml version="1.0" encoding="UTF-8"?>
<coverage generated="1758874972782" clover="3.2.0">
  <project timestamp="1758874972782" name="All files">
    <metrics statements="564" coveredstatements="540" conditionals="384" coveredconditionals="335" methods="126" coveredmethods="122" elements="1074" coveredelements="997" complexity="0" loc="564" ncloc="564" packages="2" files="11" classes="11"/>
    <package name="src">
      <metrics statements="266" coveredstatements="242" conditionals="145" coveredconditionals="111" methods="44" coveredmethods="40"/>
      <file name="App.js" path="C:\Users\dhanshrepriya.p_disp\calendar\react-app-template\src\App.js">
        <metrics statements="266" coveredstatements="242" conditionals="145" coveredconditionals="111" methods="44" coveredmethods="40"/>
        <line num="15" count="513" type="stmt"/>
        <line num="16" count="512" type="stmt"/>
        <line num="17" count="512" type="stmt"/>
        <line num="18" count="512" type="stmt"/>
        <line num="19" count="512" type="stmt"/>
        <line num="20" count="512" type="stmt"/>
        <line num="21" count="512" type="stmt"/>
        <line num="22" count="512" type="stmt"/>
        <line num="23" count="512" type="stmt"/>
        <line num="24" count="512" type="stmt"/>
        <line num="25" count="512" type="stmt"/>
        <line num="26" count="512" type="stmt"/>
        <line num="27" count="512" type="stmt"/>
        <line num="28" count="512" type="cond" truecount="2" falsecount="0"/>
        <line num="29" count="512" type="stmt"/>
        <line num="31" count="512" type="stmt"/>
        <line num="39" count="512" type="stmt"/>
        <line num="40" count="228" type="stmt"/>
        <line num="41" count="350" type="cond" truecount="2" falsecount="0"/>
        <line num="43" count="152" type="stmt"/>
        <line num="44" count="152" type="stmt"/>
        <line num="45" count="152" type="stmt"/>
        <line num="47" count="198" type="stmt"/>
        <line num="52" count="228" type="stmt"/>
        <line num="55" count="228" type="stmt"/>
        <line num="57" count="228" type="stmt"/>
        <line num="61" count="512" type="stmt"/>
        <line num="62" count="372" type="stmt"/>
        <line num="71" count="512" type="stmt"/>
        <line num="72" count="372" type="cond" truecount="2" falsecount="0"/>
        <line num="74" count="332" type="stmt"/>
        <line num="75" count="332" type="stmt"/>
        <line num="80" count="332" type="stmt"/>
        <line num="81" count="2324" type="stmt"/>
        <line num="82" count="332" type="cond" truecount="1" falsecount="1"/>
        <line num="84" count="0" type="stmt"/>
        <line num="85" count="0" type="stmt"/>
        <line num="90" count="512" type="stmt"/>
        <line num="91" count="117" type="stmt"/>
        <line num="92" count="117" type="stmt"/>
        <line num="93" count="117" type="stmt"/>
        <line num="95" count="117" type="cond" truecount="2" falsecount="0"/>
        <line num="96" count="7" type="stmt"/>
        <line num="97" count="7" type="stmt"/>
        <line num="100" count="110" type="stmt"/>
        <line num="101" count="110" type="cond" truecount="2" falsecount="0"/>
        <line num="102" count="98" type="stmt"/>
        <line num="103" count="97" type="stmt"/>
        <line num="104" count="97" type="stmt"/>
        <line num="105" count="97" type="stmt"/>
        <line num="106" count="97" type="stmt"/>
        <line num="107" count="97" type="stmt"/>
        <line num="110" count="12" type="stmt"/>
        <line num="112" count="9" type="stmt"/>
        <line num="113" count="9" type="cond" truecount="2" falsecount="0"/>
        <line num="114" count="2" type="stmt"/>
        <line num="115" count="2" type="stmt"/>
        <line num="116" count="2" type="stmt"/>
        <line num="117" count="2" type="stmt"/>
        <line num="118" count="2" type="stmt"/>
        <line num="121" count="7" type="stmt"/>
        <line num="122" count="7" type="stmt"/>
        <line num="130" count="7" type="stmt"/>
        <line num="131" count="7" type="stmt"/>
        <line num="132" count="7" type="stmt"/>
        <line num="135" count="4" type="stmt"/>
        <line num="136" count="4" type="stmt"/>
        <line num="137" count="4" type="stmt"/>
        <line num="139" count="110" type="stmt"/>
        <line num="143" count="117" type="stmt"/>
        <line num="147" count="512" type="stmt"/>
        <line num="148" count="6" type="cond" truecount="2" falsecount="0"/>
        <line num="149" count="5" type="stmt"/>
        <line num="150" count="5" type="stmt"/>
        <line num="151" count="5" type="stmt"/>
        <line num="152" count="5" type="stmt"/>
        <line num="153" count="5" type="stmt"/>
        <line num="154" count="5" type="stmt"/>
        <line num="159" count="512" type="stmt"/>
        <line num="160" count="117" type="stmt"/>
        <line num="161" count="9" type="cond" truecount="4" falsecount="0"/>
        <line num="162" count="4" type="stmt"/>
        <line num="163" count="4" type="stmt"/>
        <line num="164" count="4" type="stmt"/>
        <line num="165" count="4" type="stmt"/>
        <line num="167" count="9" type="cond" truecount="4" falsecount="0"/>
        <line num="168" count="3" type="cond" truecount="3" falsecount="1"/>
        <line num="169" count="1" type="stmt"/>
        <line num="170" count="1" type="stmt"/>
        <line num="171" count="1" type="stmt"/>
        <line num="172" count="0" type="stmt"/>
        <line num="176" count="117" type="stmt"/>
        <line num="177" count="117" type="stmt"/>
        <line num="181" count="512" type="stmt"/>
        <line num="182" count="122" type="stmt"/>
        <line num="183" count="122" type="stmt"/>
        <line num="186" count="512" type="cond" truecount="2" falsecount="0"/>
        <line num="189" count="512" type="stmt"/>
        <line num="190" count="40" type="stmt"/>
        <line num="191" count="40" type="cond" truecount="4" falsecount="0"/>
        <line num="192" count="40" type="cond" truecount="4" falsecount="0"/>
        <line num="193" count="40" type="stmt"/>
        <line num="196" count="512" type="cond" truecount="0" falsecount="1"/>
        <line num="198" count="0" type="cond" truecount="0" falsecount="2"/>
        <line num="199" count="0" type="stmt"/>
        <line num="200" count="0" type="stmt"/>
        <line num="204" count="512" type="stmt"/>
        <line num="205" count="0" type="cond" truecount="0" falsecount="2"/>
        <line num="206" count="0" type="stmt"/>
        <line num="207" count="0" type="stmt"/>
        <line num="208" count="0" type="stmt"/>
        <line num="209" count="0" type="stmt"/>
        <line num="212" count="512" type="stmt"/>
        <line num="213" count="0" type="cond" truecount="0" falsecount="2"/>
        <line num="214" count="0" type="cond" truecount="0" falsecount="2"/>
        <line num="215" count="0" type="cond" truecount="0" falsecount="2"/>
        <line num="218" count="0" type="stmt"/>
        <line num="219" count="0" type="stmt"/>
        <line num="220" count="0" type="cond" truecount="0" falsecount="2"/>
        <line num="222" count="0" type="cond" truecount="0" falsecount="2"/>
        <line num="226" count="512" type="stmt"/>
        <line num="227" count="372" type="stmt"/>
        <line num="230" count="512" type="stmt"/>
        <line num="231" count="19" type="stmt"/>
        <line num="232" count="19" type="cond" truecount="3" falsecount="1"/>
        <line num="234" count="19" type="stmt"/>
        <line num="235" count="19" type="stmt"/>
        <line num="239" count="18" type="cond" truecount="1" falsecount="1"/>
        <line num="240" count="0" type="cond" truecount="0" falsecount="2"/>
        <line num="241" count="0" type="stmt"/>
        <line num="242" count="0" type="stmt"/>
        <line num="243" count="0" type="stmt"/>
        <line num="245" count="0" type="stmt"/>
        <line num="248" count="18" type="stmt"/>
        <line num="251" count="18" type="stmt"/>
        <line num="253" count="18" type="stmt"/>
        <line num="260" count="18" type="stmt"/>
        <line num="261" count="18" type="stmt"/>
        <line num="263" count="18" type="stmt"/>
        <line num="265" count="1" type="stmt"/>
        <line num="266" count="1" type="stmt"/>
        <line num="272" count="512" type="stmt"/>
        <line num="273" count="20" type="stmt"/>
        <line num="274" count="20" type="stmt"/>
        <line num="275" count="20" type="cond" truecount="3" falsecount="1"/>
        <line num="277" count="20" type="stmt"/>
        <line num="278" count="20" type="stmt"/>
        <line num="279" count="20" type="stmt"/>
        <line num="280" count="20" type="stmt"/>
        <line num="282" count="20" type="stmt"/>
        <line num="283" count="20" type="stmt"/>
        <line num="284" count="20" type="cond" truecount="1" falsecount="1"/>
        <line num="285" count="20" type="stmt"/>
        <line num="286" count="20" type="stmt"/>
        <line num="288" count="20" type="stmt"/>
        <line num="301" count="20" type="stmt"/>
        <line num="302" count="20" type="cond" truecount="2" falsecount="0"/>
        <line num="305" count="20" type="cond" truecount="2" falsecount="0"/>
        <line num="307" count="20" type="stmt"/>
        <line num="313" count="20" type="cond" truecount="2" falsecount="0"/>
        <line num="314" count="3" type="cond" truecount="2" falsecount="0"/>
        <line num="315" count="1" type="stmt"/>
        <line num="316" count="1" type="stmt"/>
        <line num="318" count="2" type="stmt"/>
        <line num="319" count="2" type="cond" truecount="1" falsecount="1"/>
        <line num="322" count="17" type="stmt"/>
        <line num="323" count="17" type="stmt"/>
        <line num="324" count="17" type="stmt"/>
        <line num="325" count="17" type="stmt"/>
        <line num="327" count="2" type="stmt"/>
        <line num="332" count="512" type="stmt"/>
        <line num="333" count="7" type="cond" truecount="2" falsecount="0"/>
        <line num="334" count="5" type="stmt"/>
        <line num="335" count="5" type="cond" truecount="2" falsecount="0"/>
        <line num="337" count="4" type="stmt"/>
        <line num="338" count="4" type="stmt"/>
        <line num="343" count="4" type="cond" truecount="2" falsecount="0"/>
        <line num="344" count="2" type="cond" truecount="2" falsecount="0"/>
        <line num="345" count="1" type="stmt"/>
        <line num="346" count="1" type="stmt"/>
        <line num="348" count="1" type="stmt"/>
        <line num="351" count="2" type="stmt"/>
        <line num="352" count="2" type="stmt"/>
        <line num="353" count="2" type="stmt"/>
        <line num="355" count="1" type="stmt"/>
        <line num="360" count="512" type="stmt"/>
        <line num="361" count="228" type="cond" truecount="2" falsecount="0"/>
        <line num="362" count="106" type="stmt"/>
        <line num="364" count="106" type="stmt"/>
        <line num="365" count="106" type="stmt"/>
        <line num="366" count="106" type="cond" truecount="2" falsecount="0"/>
        <line num="368" count="104" type="stmt"/>
        <line num="369" count="104" type="stmt"/>
        <line num="373" count="101" type="cond" truecount="2" falsecount="0"/>
        <line num="374" count="2" type="cond" truecount="2" falsecount="0"/>
        <line num="375" count="1" type="stmt"/>
        <line num="376" count="1" type="stmt"/>
        <line num="377" count="1" type="stmt"/>
        <line num="379" count="1" type="stmt"/>
        <line num="382" count="99" type="stmt"/>
        <line num="383" count="104" type="stmt"/>
        <line num="389" count="99" type="cond" truecount="2" falsecount="0"/>
        <line num="391" count="3" type="cond" truecount="1" falsecount="1"/>
        <line num="392" count="3" type="stmt"/>
        <line num="393" count="3" type="stmt"/>
        <line num="398" count="106" type="stmt"/>
        <line num="399" count="106" type="stmt"/>
        <line num="403" count="512" type="stmt"/>
        <line num="404" count="228" type="stmt"/>
        <line num="405" count="230" type="cond" truecount="2" falsecount="0"/>
        <line num="406" count="91" type="stmt"/>
        <line num="407" count="91" type="stmt"/>
        <line num="408" count="91" type="stmt"/>
        <line num="409" count="91" type="stmt"/>
        <line num="412" count="228" type="stmt"/>
        <line num="413" count="228" type="stmt"/>
        <line num="414" count="228" type="stmt"/>
        <line num="418" count="512" type="cond" truecount="2" falsecount="0"/>
        <line num="419" count="117" type="stmt"/>
        <line num="427" count="395" type="cond" truecount="2" falsecount="0"/>
        <line num="428" count="23" type="stmt"/>
        <line num="431" count="2" type="cond" truecount="1" falsecount="1"/>
        <line num="432" count="2" type="stmt"/>
        <line num="433" count="2" type="stmt"/>
        <line num="434" count="2" type="stmt"/>
        <line num="441" count="372" type="stmt"/>
        <line num="442" count="372" type="cond" truecount="2" falsecount="0"/>
        <line num="443" count="355" type="stmt"/>
        <line num="450" count="8" type="stmt"/>
        <line num="451" count="8" type="stmt"/>
        <line num="452" count="8" type="stmt"/>
        <line num="455" count="23" type="stmt"/>
        <line num="456" count="23" type="stmt"/>
        <line num="457" count="23" type="stmt"/>
        <line num="466" count="17" type="cond" truecount="2" falsecount="0"/>
        <line num="467" count="9" type="stmt"/>
        <line num="472" count="1" type="stmt"/>
        <line num="473" count="1" type="stmt"/>
        <line num="474" count="1" type="stmt"/>
        <line num="478" count="8" type="cond" truecount="1" falsecount="1"/>
        <line num="479" count="8" type="stmt"/>
        <line num="485" count="1" type="stmt"/>
        <line num="486" count="1" type="stmt"/>
        <line num="487" count="1" type="stmt"/>
        <line num="494" count="372" type="stmt"/>
        <line num="519" count="2" type="stmt"/>
        <line num="520" count="2" type="stmt"/>
        <line num="523" count="2" type="cond" truecount="4" falsecount="0"/>
        <line num="524" count="1" type="stmt"/>
        <line num="525" count="1" type="stmt"/>
        <line num="528" count="1" type="cond" truecount="1" falsecount="1"/>
        <line num="529" count="1" type="stmt"/>
        <line num="532" count="1" type="stmt"/>
        <line num="533" count="1" type="stmt"/>
        <line num="534" count="1" type="stmt"/>
        <line num="535" count="1" type="cond" truecount="1" falsecount="1"/>
        <line num="536" count="0" type="stmt"/>
        <line num="548" count="8" type="stmt"/>
        <line num="574" count="5" type="stmt"/>
        <line num="575" count="5" type="stmt"/>
        <line num="576" count="5" type="cond" truecount="2" falsecount="0"/>
        <line num="577" count="5" type="stmt"/>
        <line num="578" count="5" type="stmt"/>
        <line num="579" count="5" type="stmt"/>
        <line num="580" count="5" type="stmt"/>
        <line num="594" count="1" type="stmt"/>
      </file>
    </package>
    <package name="src.components">
      <metrics statements="298" coveredstatements="298" conditionals="239" coveredconditionals="224" methods="82" coveredmethods="82"/>
      <file name="AppointmentBlock.js" path="C:\Users\dhanshrepriya.p_disp\calendar\react-app-template\src\components\AppointmentBlock.js">
        <metrics statements="26" coveredstatements="26" conditionals="22" coveredconditionals="19" methods="7" coveredmethods="7"/>
        <line num="4" count="144" type="stmt"/>
        <line num="5" count="144" type="stmt"/>
        <line num="6" count="144" type="stmt"/>
        <line num="7" count="144" type="stmt"/>
        <line num="8" count="144" type="stmt"/>
        <line num="9" count="144" type="stmt"/>
        <line num="11" count="144" type="stmt"/>
        <line num="12" count="143" type="stmt"/>
        <line num="13" count="143" type="stmt"/>
        <line num="14" count="143" type="stmt"/>
        <line num="15" count="143" type="cond" truecount="2" falsecount="0"/>
        <line num="16" count="4" type="cond" truecount="4" falsecount="0"/>
        <line num="17" count="3" type="stmt"/>
        <line num="20" count="144" type="cond" truecount="2" falsecount="0"/>
        <line num="22" count="144" type="stmt"/>
        <line num="23" count="2" type="stmt"/>
        <line num="24" count="2" type="stmt"/>
        <line num="27" count="2" type="stmt"/>
        <line num="28" count="1" type="stmt"/>
        <line num="32" count="144" type="stmt"/>
        <line num="34" count="1" type="stmt"/>
        <line num="37" count="144" type="stmt"/>
        <line num="39" count="3" type="cond" truecount="2" falsecount="0"/>
        <line num="40" count="2" type="cond" truecount="2" falsecount="0"/>
        <line num="43" count="144" type="stmt"/>
        <line num="60" count="3" type="cond" truecount="2" falsecount="0"/>
      </file>
      <file name="DateNav.js" path="C:\Users\dhanshrepriya.p_disp\calendar\react-app-template\src\components\DateNav.js">
        <metrics statements="30" coveredstatements="30" conditionals="14" coveredconditionals="13" methods="8" coveredmethods="8"/>
        <line num="5" count="76" type="stmt"/>
        <line num="7" count="76" type="stmt"/>
        <line num="8" count="46" type="stmt"/>
        <line num="9" count="46" type="stmt"/>
        <line num="10" count="46" type="stmt"/>
        <line num="13" count="76" type="stmt"/>
        <line num="14" count="7" type="stmt"/>
        <line num="15" count="7" type="stmt"/>
        <line num="16" count="7" type="stmt"/>
        <line num="20" count="76" type="stmt"/>
        <line num="21" count="13" type="stmt"/>
        <line num="22" count="13" type="stmt"/>
        <line num="23" count="13" type="stmt"/>
        <line num="24" count="13" type="stmt"/>
        <line num="28" count="76" type="stmt"/>
        <line num="29" count="11" type="stmt"/>
        <line num="32" count="76" type="stmt"/>
        <line num="33" count="8" type="cond" truecount="2" falsecount="0"/>
        <line num="34" count="1" type="stmt"/>
        <line num="35" count="7" type="cond" truecount="2" falsecount="0"/>
        <line num="36" count="4" type="stmt"/>
        <line num="38" count="3" type="stmt"/>
        <line num="42" count="76" type="stmt"/>
        <line num="43" count="19" type="cond" truecount="2" falsecount="0"/>
        <line num="44" count="1" type="stmt"/>
        <line num="45" count="18" type="cond" truecount="2" falsecount="0"/>
        <line num="46" count="3" type="stmt"/>
        <line num="48" count="15" type="stmt"/>
        <line num="52" count="76" type="stmt"/>
        <line num="63" count="1" type="stmt"/>
      </file>
      <file name="ErrorModal.js" path="C:\Users\dhanshrepriya.p_disp\calendar\react-app-template\src\components\ErrorModal.js">
        <metrics statements="2" coveredstatements="2" conditionals="2" coveredconditionals="2" methods="1" coveredmethods="1"/>
        <line num="4" count="165" type="cond" truecount="2" falsecount="0"/>
        <line num="6" count="150" type="stmt"/>
      </file>
      <file name="Login.js" path="C:\Users\dhanshrepriya.p_disp\calendar\react-app-template\src\components\Login.js">
        <metrics statements="44" coveredstatements="44" conditionals="24" coveredconditionals="23" methods="10" coveredmethods="10"/>
        <line num="4" count="46" type="stmt"/>
        <line num="5" count="46" type="stmt"/>
        <line num="6" count="46" type="stmt"/>
        <line num="7" count="46" type="stmt"/>
        <line num="8" count="46" type="stmt"/>
        <line num="11" count="46" type="stmt"/>
        <line num="12" count="46" type="stmt"/>
        <line num="14" count="46" type="stmt"/>
        <line num="15" count="6" type="stmt"/>
        <line num="16" count="6" type="stmt"/>
        <line num="17" count="6" type="cond" truecount="2" falsecount="0"/>
        <line num="20" count="6" type="cond" truecount="2" falsecount="0"/>
        <line num="24" count="6" type="stmt"/>
        <line num="30" count="5" type="cond" truecount="2" falsecount="0"/>
        <line num="31" count="3" type="stmt"/>
        <line num="32" count="3" type="cond" truecount="2" falsecount="0"/>
        <line num="33" count="3" type="stmt"/>
        <line num="36" count="2" type="stmt"/>
        <line num="38" count="2" type="cond" truecount="2" falsecount="0"/>
        <line num="39" count="1" type="stmt"/>
        <line num="40" count="1" type="stmt"/>
        <line num="41" count="1" type="stmt"/>
        <line num="42" count="1" type="stmt"/>
        <line num="43" count="1" type="stmt"/>
        <line num="44" count="1" type="stmt"/>
        <line num="45" count="1" type="stmt"/>
        <line num="46" count="1" type="stmt"/>
        <line num="47" count="1" type="stmt"/>
        <line num="51" count="1" type="cond" truecount="3" falsecount="1"/>
        <line num="52" count="1" type="stmt"/>
        <line num="56" count="1" type="stmt"/>
        <line num="65" count="1" type="stmt"/>
        <line num="66" count="1" type="stmt"/>
        <line num="70" count="46" type="stmt"/>
        <line num="79" count="7" type="stmt"/>
        <line num="86" count="7" type="stmt"/>
        <line num="97" count="3" type="stmt"/>
        <line num="104" count="2" type="stmt"/>
        <line num="109" count="1" type="stmt"/>
        <line num="112" count="90" type="stmt"/>
        <line num="131" count="1" type="stmt"/>
        <line num="132" count="1" type="stmt"/>
        <line num="145" count="7" type="stmt"/>
        <line num="146" count="7" type="stmt"/>
      </file>
      <file name="Modal.js" path="C:\Users\dhanshrepriya.p_disp\calendar\react-app-template\src\components\Modal.js">
        <metrics statements="34" coveredstatements="34" conditionals="68" coveredconditionals="66" methods="8" coveredmethods="8"/>
        <line num="4" count="1" type="stmt"/>
        <line num="5" count="94" type="cond" truecount="2" falsecount="0"/>
        <line num="6" count="26" type="stmt"/>
        <line num="7" count="26" type="stmt"/>
        <line num="8" count="26" type="stmt"/>
        <line num="9" count="26" type="cond" truecount="1" falsecount="1"/>
        <line num="10" count="26" type="stmt"/>
        <line num="11" count="26" type="stmt"/>
        <line num="12" count="26" type="stmt"/>
        <line num="15" count="1" type="stmt"/>
        <line num="16" count="94" type="cond" truecount="2" falsecount="0"/>
        <line num="17" count="26" type="cond" truecount="1" falsecount="1"/>
        <line num="28" count="49" type="stmt"/>
        <line num="31" count="49" type="stmt"/>
        <line num="34" count="49" type="stmt"/>
        <line num="35" count="31" type="cond" truecount="2" falsecount="0"/>
        <line num="36" count="29" type="cond" truecount="4" falsecount="0"/>
        <line num="38" count="10" type="stmt"/>
        <line num="39" count="10" type="cond" truecount="2" falsecount="0"/>
        <line num="41" count="19" type="stmt"/>
        <line num="46" count="49" type="cond" truecount="2" falsecount="0"/>
        <line num="48" count="47" type="cond" truecount="2" falsecount="0"/>
        <line num="51" count="47" type="cond" truecount="2" falsecount="0"/>
        <line num="58" count="47" type="stmt"/>
        <line num="59" count="17" type="cond" truecount="4" falsecount="0"/>
        <line num="60" count="2" type="stmt"/>
        <line num="61" count="2" type="stmt"/>
        <line num="64" count="47" type="stmt"/>
        <line num="80" count="94" type="cond" truecount="2" falsecount="0"/>
        <line num="81" count="94" type="stmt"/>
        <line num="82" count="94" type="stmt"/>
        <line num="83" count="94" type="stmt"/>
        <line num="140" count="10" type="stmt"/>
        <line num="190" count="1" type="stmt"/>
      </file>
      <file name="MonthView.js" path="C:\Users\dhanshrepriya.p_disp\calendar\react-app-template\src\components\MonthView.js">
        <metrics statements="20" coveredstatements="20" conditionals="5" coveredconditionals="5" methods="7" coveredmethods="7"/>
        <line num="4" count="24" type="stmt"/>
        <line num="5" count="24" type="stmt"/>
        <line num="6" count="24" type="stmt"/>
        <line num="9" count="24" type="stmt"/>
        <line num="10" count="24" type="stmt"/>
        <line num="13" count="24" type="stmt"/>
        <line num="16" count="24" type="stmt"/>
        <line num="17" count="23" type="stmt"/>
        <line num="19" count="23" type="stmt"/>
        <line num="20" count="31" type="stmt"/>
        <line num="23" count="23" type="stmt"/>
        <line num="24" count="706" type="stmt"/>
        <line num="26" count="23" type="stmt"/>
        <line num="29" count="24" type="stmt"/>
        <line num="33" count="168" type="stmt"/>
        <line num="39" count="769" type="stmt"/>
        <line num="46" count="1333" type="stmt"/>
        <line num="47" count="1333" type="stmt"/>
        <line num="55" count="34" type="stmt"/>
        <line num="58" count="3" type="stmt"/>
      </file>
      <file name="SearchBar.js" path="C:\Users\dhanshrepriya.p_disp\calendar\react-app-template\src\components\SearchBar.js">
        <metrics statements="17" coveredstatements="17" conditionals="6" coveredconditionals="6" methods="3" coveredmethods="3"/>
        <line num="5" count="170" type="stmt"/>
        <line num="6" count="170" type="stmt"/>
        <line num="8" count="170" type="stmt"/>
        <line num="9" count="16" type="stmt"/>
        <line num="10" count="16" type="cond" truecount="2" falsecount="0"/>
        <line num="12" count="14" type="stmt"/>
        <line num="13" count="14" type="stmt"/>
        <line num="14" count="14" type="stmt"/>
        <line num="15" count="14" type="stmt"/>
        <line num="27" count="13" type="cond" truecount="2" falsecount="0"/>
        <line num="29" count="12" type="stmt"/>
        <line num="30" count="11" type="stmt"/>
        <line num="32" count="3" type="stmt"/>
        <line num="33" count="3" type="stmt"/>
        <line num="35" count="14" type="stmt"/>
        <line num="39" count="170" type="stmt"/>
        <line num="48" count="121" type="stmt"/>
      </file>
      <file name="Sidebar.js" path="C:\Users\dhanshrepriya.p_disp\calendar\react-app-template\src\components\Sidebar.js">
        <metrics statements="23" coveredstatements="23" conditionals="28" coveredconditionals="28" methods="9" coveredmethods="9"/>
        <line num="13" count="43" type="stmt"/>
        <line num="14" count="43" type="stmt"/>
        <line num="15" count="43" type="stmt"/>
        <line num="17" count="43" type="stmt"/>
        <line num="24" count="43" type="stmt"/>
        <line num="25" count="32" type="stmt"/>
        <line num="26" count="32" type="stmt"/>
        <line num="27" count="32" type="stmt"/>
        <line num="30" count="43" type="stmt"/>
        <line num="31" count="9" type="cond" truecount="2" falsecount="0"/>
        <line num="32" count="5" type="stmt"/>
        <line num="34" count="4" type="stmt"/>
        <line num="39" count="43" type="stmt"/>
        <line num="41" count="117" type="stmt"/>
        <line num="45" count="43" type="stmt"/>
        <line num="46" count="159" type="cond" truecount="2" falsecount="0"/>
        <line num="49" count="43" type="stmt"/>
        <line num="87" count="120" type="stmt"/>
        <line num="103" count="76" type="cond" truecount="2" falsecount="0"/>
        <line num="107" count="76" type="stmt"/>
        <line num="108" count="76" type="stmt"/>
        <line num="115" count="76" type="stmt"/>
        <line num="121" count="76" type="stmt"/>
      </file>
      <file name="Timeline.js" path="C:\Users\dhanshrepriya.p_disp\calendar\react-app-template\src\components\Timeline.js">
        <metrics statements="86" coveredstatements="86" conditionals="65" coveredconditionals="57" methods="21" coveredmethods="21"/>
        <line num="18" count="95" type="stmt"/>
        <line num="19" count="95" type="stmt"/>
        <line num="21" count="95" type="stmt"/>
        <line num="22" count="56" type="stmt"/>
        <line num="26" count="95" type="stmt"/>
        <line num="27" count="282" type="stmt"/>
        <line num="32" count="95" type="stmt"/>
        <line num="33" count="70" type="cond" truecount="4" falsecount="0"/>
        <line num="34" count="2" type="stmt"/>
        <line num="35" count="4" type="stmt"/>
        <line num="37" count="2" type="cond" truecount="2" falsecount="0"/>
        <line num="38" count="1" type="stmt"/>
        <line num="39" count="1" type="stmt"/>
        <line num="40" count="1" type="stmt"/>
        <line num="47" count="95" type="stmt"/>
        <line num="48" count="14" type="stmt"/>
        <line num="49" count="14" type="cond" truecount="2" falsecount="0"/>
        <line num="50" count="2" type="stmt"/>
        <line num="51" count="2" type="stmt"/>
        <line num="55" count="12" type="stmt"/>
        <line num="56" count="24" type="stmt"/>
        <line num="57" count="24" type="stmt"/>
        <line num="58" count="24" type="stmt"/>
        <line num="59" count="24" type="stmt"/>
        <line num="60" count="24" type="stmt"/>
        <line num="61" count="24" type="stmt"/>
        <line num="63" count="24" type="stmt"/>
        <line num="66" count="12" type="stmt"/>
        <line num="67" count="12" type="stmt"/>
        <line num="69" count="12" type="stmt"/>
        <line num="84" count="12" type="stmt"/>
        <line num="85" count="12" type="stmt"/>
        <line num="94" count="10" type="cond" truecount="2" falsecount="0"/>
        <line num="95" count="7" type="stmt"/>
        <line num="96" count="7" type="stmt"/>
        <line num="97" count="5" type="cond" truecount="2" falsecount="0"/>
        <line num="98" count="4" type="stmt"/>
        <line num="102" count="3" type="stmt"/>
        <line num="103" count="3" type="cond" truecount="2" falsecount="0"/>
        <line num="104" count="2" type="stmt"/>
        <line num="108" count="2" type="stmt"/>
        <line num="109" count="2" type="cond" truecount="2" falsecount="0"/>
        <line num="110" count="1" type="stmt"/>
        <line num="116" count="95" type="stmt"/>
        <line num="117" count="95" type="stmt"/>
        <line num="118" count="4560" type="stmt"/>
        <line num="119" count="4560" type="cond" truecount="2" falsecount="0"/>
        <line num="120" count="4560" type="stmt"/>
        <line num="121" count="4560" type="stmt"/>
        <line num="122" count="4560" type="cond" truecount="2" falsecount="0"/>
        <line num="123" count="4560" type="cond" truecount="2" falsecount="0"/>
        <line num="124" count="4560" type="cond" truecount="2" falsecount="0"/>
        <line num="126" count="4560" type="stmt"/>
        <line num="131" count="1" type="cond" truecount="2" falsecount="0"/>
        <line num="139" count="95" type="stmt"/>
        <line num="140" count="95" type="stmt"/>
        <line num="141" count="214" type="stmt"/>
        <line num="142" count="214" type="stmt"/>
        <line num="148" count="1" type="stmt"/>
        <line num="156" count="95" type="stmt"/>
        <line num="157" count="1" type="stmt"/>
        <line num="158" count="1" type="stmt"/>
        <line num="161" count="95" type="stmt"/>
        <line num="162" count="1" type="stmt"/>
        <line num="165" count="95" type="stmt"/>
        <line num="166" count="16" type="stmt"/>
        <line num="168" count="16" type="stmt"/>
        <line num="169" count="16" type="cond" truecount="2" falsecount="0"/>
        <line num="171" count="15" type="stmt"/>
        <line num="172" count="15" type="stmt"/>
        <line num="173" count="15" type="stmt"/>
        <line num="174" count="15" type="stmt"/>
        <line num="175" count="15" type="stmt"/>
        <line num="177" count="16" type="stmt"/>
        <line num="178" count="15" type="cond" truecount="2" falsecount="0"/>
        <line num="180" count="14" type="stmt"/>
        <line num="183" count="14" type="stmt"/>
        <line num="184" count="14" type="stmt"/>
        <line num="187" count="14" type="stmt"/>
        <line num="190" count="14" type="stmt"/>
        <line num="196" count="14" type="stmt"/>
        <line num="197" count="14" type="stmt"/>
        <line num="198" count="36" type="cond" truecount="2" falsecount="0"/>
        <line num="200" count="14" type="stmt"/>
        <line num="204" count="14" type="stmt"/>
        <line num="207" count="95" type="stmt"/>
      </file>
      <file name="WeekView.js" path="C:\Users\dhanshrepriya.p_disp\calendar\react-app-template\src\components\WeekView.js">
        <metrics statements="16" coveredstatements="16" conditionals="5" coveredconditionals="5" methods="8" coveredmethods="8"/>
        <line num="6" count="31" type="stmt"/>
        <line num="9" count="31" type="stmt"/>
        <line num="10" count="31" type="stmt"/>
        <line num="13" count="31" type="stmt"/>
        <line num="14" count="217" type="stmt"/>
        <line num="15" count="217" type="stmt"/>
        <line num="16" count="217" type="stmt"/>
        <line num="20" count="31" type="stmt"/>
        <line num="21" count="31" type="stmt"/>
        <line num="22" count="217" type="stmt"/>
        <line num="23" count="511" type="stmt"/>
        <line num="24" count="511" type="stmt"/>
        <line num="33" count="31" type="stmt"/>
        <line num="37" count="217" type="stmt"/>
        <line num="50" count="71" type="stmt"/>
        <line num="53" count="3" type="stmt"/>
      </file>
    </package>
  </project>
</coverage>
