{"C:\\Users\\dhanshrepriya.p_disp\\calendar\\react-app-template\\src\\App.js": {"path":"C:\\Users\\dhanshrepriya.p_disp\\calendar\\react-app-template\\src\\App.js","statementMap":{"0":{"start":{"line":15,"column":34},"end":{"line":15,"column":49}},"1":{"start":{"line":16,"column":42},"end":{"line":16,"column":56}},"2":{"start":{"line":17,"column":36},"end":{"line":17,"column":50}},"3":{"start":{"line":18,"column":42},"end":{"line":18,"column":54}},"4":{"start":{"line":19,"column":42},"end":{"line":19,"column":90}},"5":{"start":{"line":20,"column":28},"end":{"line":20,"column":39}},"6":{"start":{"line":21,"column":36},"end":{"line":21,"column":51}},"7":{"start":{"line":22,"column":54},"end":{"line":22,"column":68}},"8":{"start":{"line":23,"column":40},"end":{"line":23,"column":54}},"9":{"start":{"line":24,"column":42},"end":{"line":24,"column":56}},"10":{"start":{"line":25,"column":64},"end":{"line":25,"column":76}},"11":{"start":{"line":26,"column":40},"end":{"line":26,"column":60}},"12":{"start":{"line":27,"column":22},"end":{"line":27,"column":24}},"13":{"start":{"line":28,"column":28},"end":{"line":28,"column":84}},"14":{"start":{"line":28,"column":43},"end":{"line":28,"column":83}},"15":{"start":{"line":29,"column":40},"end":{"line":29,"column":55}},"16":{"start":{"line":31,"column":21},"end":{"line":36,"column":3}},"17":{"start":{"line":39,"column":2},"end":{"line":58,"column":21}},"18":{"start":{"line":40,"column":24},"end":{"line":49,"column":5}},"19":{"start":{"line":41,"column":6},"end":{"line":48,"column":7}},"20":{"start":{"line":43,"column":20},"end":{"line":43,"column":30}},"21":{"start":{"line":44,"column":25},"end":{"line":44,"column":101}},"22":{"start":{"line":45,"column":8},"end":{"line":45,"column":33}},"23":{"start":{"line":47,"column":8},"end":{"line":47,"column":35}},"24":{"start":{"line":52,"column":4},"end":{"line":52,"column":18}},"25":{"start":{"line":55,"column":26},"end":{"line":55,"column":56}},"26":{"start":{"line":57,"column":4},"end":{"line":57,"column":46}},"27":{"start":{"line":57,"column":17},"end":{"line":57,"column":45}},"28":{"start":{"line":61,"column":28},"end":{"line":68,"column":3}},"29":{"start":{"line":62,"column":4},"end":{"line":67,"column":7}},"30":{"start":{"line":71,"column":26},"end":{"line":87,"column":3}},"31":{"start":{"line":72,"column":4},"end":{"line":72,"column":45}},"32":{"start":{"line":72,"column":35},"end":{"line":72,"column":45}},"33":{"start":{"line":74,"column":4},"end":{"line":86,"column":5}},"34":{"start":{"line":75,"column":24},"end":{"line":78,"column":8}},"35":{"start":{"line":80,"column":20},"end":{"line":80,"column":55}},"36":{"start":{"line":81,"column":27},"end":{"line":81,"column":75}},"37":{"start":{"line":81,"column":46},"end":{"line":81,"column":74}},"38":{"start":{"line":82,"column":6},"end":{"line":82,"column":52}},"39":{"start":{"line":84,"column":6},"end":{"line":84,"column":67}},"40":{"start":{"line":85,"column":6},"end":{"line":85,"column":16}},"41":{"start":{"line":90,"column":2},"end":{"line":144,"column":9}},"42":{"start":{"line":91,"column":30},"end":{"line":141,"column":5}},"43":{"start":{"line":92,"column":20},"end":{"line":92,"column":52}},"44":{"start":{"line":93,"column":24},"end":{"line":93,"column":56}},"45":{"start":{"line":95,"column":6},"end":{"line":98,"column":7}},"46":{"start":{"line":96,"column":8},"end":{"line":96,"column":28}},"47":{"start":{"line":97,"column":8},"end":{"line":97,"column":15}},"48":{"start":{"line":100,"column":6},"end":{"line":140,"column":7}},"49":{"start":{"line":101,"column":8},"end":{"line":108,"column":9}},"50":{"start":{"line":102,"column":27},"end":{"line":102,"column":48}},"51":{"start":{"line":103,"column":10},"end":{"line":103,"column":58}},"52":{"start":{"line":104,"column":10},"end":{"line":104,"column":28}},"53":{"start":{"line":105,"column":10},"end":{"line":105,"column":36}},"54":{"start":{"line":106,"column":10},"end":{"line":106,"column":30}},"55":{"start":{"line":107,"column":10},"end":{"line":107,"column":17}},"56":{"start":{"line":110,"column":24},"end":{"line":110,"column":61}},"57":{"start":{"line":112,"column":28},"end":{"line":112,"column":45}},"58":{"start":{"line":113,"column":8},"end":{"line":119,"column":9}},"59":{"start":{"line":114,"column":10},"end":{"line":114,"column":49}},"60":{"start":{"line":115,"column":10},"end":{"line":115,"column":46}},"61":{"start":{"line":116,"column":10},"end":{"line":116,"column":46}},"62":{"start":{"line":117,"column":10},"end":{"line":117,"column":30}},"63":{"start":{"line":118,"column":10},"end":{"line":118,"column":17}},"64":{"start":{"line":121,"column":8},"end":{"line":121,"column":58}},"65":{"start":{"line":122,"column":25},"end":{"line":128,"column":9}},"66":{"start":{"line":130,"column":8},"end":{"line":130,"column":26}},"67":{"start":{"line":131,"column":8},"end":{"line":131,"column":34}},"68":{"start":{"line":132,"column":8},"end":{"line":132,"column":67}},"69":{"start":{"line":135,"column":8},"end":{"line":135,"column":53}},"70":{"start":{"line":136,"column":8},"end":{"line":136,"column":44}},"71":{"start":{"line":137,"column":8},"end":{"line":137,"column":44}},"72":{"start":{"line":139,"column":8},"end":{"line":139,"column":28}},"73":{"start":{"line":143,"column":4},"end":{"line":143,"column":24}},"74":{"start":{"line":147,"column":23},"end":{"line":156,"column":3}},"75":{"start":{"line":148,"column":4},"end":{"line":155,"column":5}},"76":{"start":{"line":149,"column":6},"end":{"line":149,"column":43}},"77":{"start":{"line":150,"column":6},"end":{"line":150,"column":42}},"78":{"start":{"line":151,"column":6},"end":{"line":151,"column":42}},"79":{"start":{"line":152,"column":6},"end":{"line":152,"column":25}},"80":{"start":{"line":153,"column":6},"end":{"line":153,"column":28}},"81":{"start":{"line":154,"column":6},"end":{"line":154,"column":26}},"82":{"start":{"line":159,"column":2},"end":{"line":178,"column":9}},"83":{"start":{"line":160,"column":26},"end":{"line":175,"column":5}},"84":{"start":{"line":161,"column":6},"end":{"line":166,"column":7}},"85":{"start":{"line":162,"column":8},"end":{"line":162,"column":27}},"86":{"start":{"line":163,"column":8},"end":{"line":163,"column":36}},"87":{"start":{"line":164,"column":8},"end":{"line":164,"column":35}},"88":{"start":{"line":165,"column":8},"end":{"line":165,"column":27}},"89":{"start":{"line":167,"column":6},"end":{"line":174,"column":7}},"90":{"start":{"line":168,"column":8},"end":{"line":173,"column":9}},"91":{"start":{"line":169,"column":20},"end":{"line":169,"column":39}},"92":{"start":{"line":169,"column":40},"end":{"line":169,"column":62}},"93":{"start":{"line":169,"column":63},"end":{"line":169,"column":69}},"94":{"start":{"line":170,"column":20},"end":{"line":170,"column":39}},"95":{"start":{"line":170,"column":40},"end":{"line":170,"column":63}},"96":{"start":{"line":170,"column":64},"end":{"line":170,"column":70}},"97":{"start":{"line":171,"column":20},"end":{"line":171,"column":39}},"98":{"start":{"line":171,"column":40},"end":{"line":171,"column":64}},"99":{"start":{"line":171,"column":65},"end":{"line":171,"column":71}},"100":{"start":{"line":172,"column":19},"end":{"line":172,"column":25}},"101":{"start":{"line":176,"column":4},"end":{"line":176,"column":54}},"102":{"start":{"line":177,"column":4},"end":{"line":177,"column":70}},"103":{"start":{"line":177,"column":17},"end":{"line":177,"column":69}},"104":{"start":{"line":181,"column":2},"end":{"line":184,"column":14}},"105":{"start":{"line":182,"column":4},"end":{"line":182,"column":40}},"106":{"start":{"line":183,"column":4},"end":{"line":183,"column":41}},"107":{"start":{"line":186,"column":22},"end":{"line":186,"column":74}},"108":{"start":{"line":186,"column":28},"end":{"line":186,"column":74}},"109":{"start":{"line":189,"column":19},"end":{"line":194,"column":3}},"110":{"start":{"line":190,"column":17},"end":{"line":190,"column":44}},"111":{"start":{"line":191,"column":4},"end":{"line":191,"column":43}},"112":{"start":{"line":191,"column":35},"end":{"line":191,"column":43}},"113":{"start":{"line":192,"column":4},"end":{"line":192,"column":43}},"114":{"start":{"line":192,"column":37},"end":{"line":192,"column":43}},"115":{"start":{"line":193,"column":4},"end":{"line":193,"column":73}},"116":{"start":{"line":196,"column":20},"end":{"line":201,"column":1}},"117":{"start":{"line":198,"column":26},"end":{"line":198,"column":83}},"118":{"start":{"line":199,"column":26},"end":{"line":199,"column":51}},"119":{"start":{"line":200,"column":2},"end":{"line":200,"column":75}},"120":{"start":{"line":204,"column":18},"end":{"line":210,"column":3}},"121":{"start":{"line":205,"column":4},"end":{"line":205,"column":48}},"122":{"start":{"line":205,"column":35},"end":{"line":205,"column":48}},"123":{"start":{"line":206,"column":16},"end":{"line":206,"column":26}},"124":{"start":{"line":207,"column":22},"end":{"line":207,"column":98}},"125":{"start":{"line":208,"column":28},"end":{"line":208,"column":50}},"126":{"start":{"line":209,"column":4},"end":{"line":209,"column":71}},"127":{"start":{"line":212,"column":20},"end":{"line":223,"column":1}},"128":{"start":{"line":213,"column":2},"end":{"line":216,"column":3}},"129":{"start":{"line":214,"column":22},"end":{"line":214,"column":73}},"130":{"start":{"line":215,"column":4},"end":{"line":215,"column":61}},"131":{"start":{"line":218,"column":14},"end":{"line":218,"column":24}},"132":{"start":{"line":219,"column":18},"end":{"line":219,"column":94}},"133":{"start":{"line":220,"column":26},"end":{"line":220,"column":77}},"134":{"start":{"line":222,"column":2},"end":{"line":222,"column":62}},"135":{"start":{"line":226,"column":27},"end":{"line":227,"column":104}},"136":{"start":{"line":227,"column":4},"end":{"line":227,"column":104}},"137":{"start":{"line":230,"column":26},"end":{"line":268,"column":1}},"138":{"start":{"line":231,"column":16},"end":{"line":231,"column":48}},"139":{"start":{"line":232,"column":2},"end":{"line":232,"column":38}},"140":{"start":{"line":232,"column":31},"end":{"line":232,"column":38}},"141":{"start":{"line":234,"column":2},"end":{"line":267,"column":3}},"142":{"start":{"line":235,"column":21},"end":{"line":237,"column":6}},"143":{"start":{"line":239,"column":4},"end":{"line":246,"column":5}},"144":{"start":{"line":240,"column":6},"end":{"line":244,"column":7}},"145":{"start":{"line":241,"column":8},"end":{"line":241,"column":77}},"146":{"start":{"line":242,"column":8},"end":{"line":242,"column":23}},"147":{"start":{"line":243,"column":8},"end":{"line":243,"column":15}},"148":{"start":{"line":245,"column":6},"end":{"line":245,"column":54}},"149":{"start":{"line":248,"column":17},"end":{"line":248,"column":38}},"150":{"start":{"line":251,"column":4},"end":{"line":251,"column":63}},"151":{"start":{"line":253,"column":25},"end":{"line":257,"column":7}},"152":{"start":{"line":253,"column":45},"end":{"line":257,"column":5}},"153":{"start":{"line":260,"column":4},"end":{"line":260,"column":59}},"154":{"start":{"line":261,"column":4},"end":{"line":261,"column":59}},"155":{"start":{"line":263,"column":4},"end":{"line":263,"column":34}},"156":{"start":{"line":265,"column":4},"end":{"line":265,"column":55}},"157":{"start":{"line":266,"column":4},"end":{"line":266,"column":33}},"158":{"start":{"line":272,"column":26},"end":{"line":329,"column":3}},"159":{"start":{"line":273,"column":4},"end":{"line":273,"column":23}},"160":{"start":{"line":274,"column":18},"end":{"line":274,"column":50}},"161":{"start":{"line":275,"column":4},"end":{"line":275,"column":40}},"162":{"start":{"line":275,"column":33},"end":{"line":275,"column":40}},"163":{"start":{"line":277,"column":21},"end":{"line":277,"column":43}},"164":{"start":{"line":278,"column":24},"end":{"line":278,"column":84}},"165":{"start":{"line":279,"column":22},"end":{"line":279,"column":78}},"166":{"start":{"line":280,"column":26},"end":{"line":280,"column":70}},"167":{"start":{"line":282,"column":28},"end":{"line":282,"column":63}},"168":{"start":{"line":283,"column":26},"end":{"line":283,"column":59}},"169":{"start":{"line":284,"column":27},"end":{"line":284,"column":63}},"170":{"start":{"line":285,"column":31},"end":{"line":285,"column":65}},"171":{"start":{"line":286,"column":30},"end":{"line":286,"column":63}},"172":{"start":{"line":288,"column":20},"end":{"line":299,"column":5}},"173":{"start":{"line":301,"column":4},"end":{"line":328,"column":5}},"174":{"start":{"line":302,"column":18},"end":{"line":304,"column":55}},"175":{"start":{"line":305,"column":21},"end":{"line":305,"column":56}},"176":{"start":{"line":307,"column":23},"end":{"line":311,"column":8}},"177":{"start":{"line":313,"column":6},"end":{"line":320,"column":7}},"178":{"start":{"line":314,"column":8},"end":{"line":317,"column":9}},"179":{"start":{"line":315,"column":10},"end":{"line":315,"column":25}},"180":{"start":{"line":316,"column":10},"end":{"line":316,"column":17}},"181":{"start":{"line":318,"column":21},"end":{"line":318,"column":42}},"182":{"start":{"line":319,"column":8},"end":{"line":319,"column":71}},"183":{"start":{"line":322,"column":6},"end":{"line":322,"column":26}},"184":{"start":{"line":323,"column":6},"end":{"line":323,"column":34}},"185":{"start":{"line":324,"column":6},"end":{"line":324,"column":27}},"186":{"start":{"line":325,"column":6},"end":{"line":325,"column":26}},"187":{"start":{"line":327,"column":6},"end":{"line":327,"column":35}},"188":{"start":{"line":332,"column":23},"end":{"line":357,"column":3}},"189":{"start":{"line":333,"column":4},"end":{"line":333,"column":36}},"190":{"start":{"line":333,"column":29},"end":{"line":333,"column":36}},"191":{"start":{"line":334,"column":18},"end":{"line":334,"column":50}},"192":{"start":{"line":335,"column":4},"end":{"line":335,"column":23}},"193":{"start":{"line":335,"column":16},"end":{"line":335,"column":23}},"194":{"start":{"line":337,"column":4},"end":{"line":356,"column":5}},"195":{"start":{"line":338,"column":23},"end":{"line":341,"column":7}},"196":{"start":{"line":343,"column":6},"end":{"line":349,"column":7}},"197":{"start":{"line":344,"column":8},"end":{"line":347,"column":9}},"198":{"start":{"line":345,"column":10},"end":{"line":345,"column":25}},"199":{"start":{"line":346,"column":10},"end":{"line":346,"column":17}},"200":{"start":{"line":348,"column":8},"end":{"line":348,"column":56}},"201":{"start":{"line":351,"column":6},"end":{"line":351,"column":26}},"202":{"start":{"line":352,"column":6},"end":{"line":352,"column":34}},"203":{"start":{"line":353,"column":6},"end":{"line":353,"column":26}},"204":{"start":{"line":355,"column":6},"end":{"line":355,"column":35}},"205":{"start":{"line":360,"column":4},"end":{"line":400,"column":23}},"206":{"start":{"line":361,"column":6},"end":{"line":361,"column":32}},"207":{"start":{"line":361,"column":25},"end":{"line":361,"column":32}},"208":{"start":{"line":362,"column":22},"end":{"line":362,"column":27}},"209":{"start":{"line":364,"column":27},"end":{"line":396,"column":7}},"210":{"start":{"line":365,"column":22},"end":{"line":365,"column":54}},"211":{"start":{"line":366,"column":8},"end":{"line":366,"column":27}},"212":{"start":{"line":366,"column":20},"end":{"line":366,"column":27}},"213":{"start":{"line":368,"column":8},"end":{"line":395,"column":9}},"214":{"start":{"line":369,"column":22},"end":{"line":371,"column":12}},"215":{"start":{"line":373,"column":10},"end":{"line":380,"column":11}},"216":{"start":{"line":374,"column":12},"end":{"line":378,"column":13}},"217":{"start":{"line":375,"column":14},"end":{"line":375,"column":78}},"218":{"start":{"line":376,"column":14},"end":{"line":376,"column":29}},"219":{"start":{"line":377,"column":14},"end":{"line":377,"column":21}},"220":{"start":{"line":379,"column":12},"end":{"line":379,"column":60}},"221":{"start":{"line":382,"column":23},"end":{"line":382,"column":39}},"222":{"start":{"line":383,"column":31},"end":{"line":387,"column":13}},"223":{"start":{"line":383,"column":51},"end":{"line":387,"column":11}},"224":{"start":{"line":389,"column":10},"end":{"line":389,"column":56}},"225":{"start":{"line":389,"column":26},"end":{"line":389,"column":56}},"226":{"start":{"line":391,"column":10},"end":{"line":394,"column":11}},"227":{"start":{"line":392,"column":12},"end":{"line":392,"column":57}},"228":{"start":{"line":393,"column":12},"end":{"line":393,"column":41}},"229":{"start":{"line":398,"column":6},"end":{"line":398,"column":21}},"230":{"start":{"line":399,"column":6},"end":{"line":399,"column":41}},"231":{"start":{"line":399,"column":21},"end":{"line":399,"column":38}},"232":{"start":{"line":403,"column":2},"end":{"line":415,"column":21}},"233":{"start":{"line":404,"column":26},"end":{"line":410,"column":5}},"234":{"start":{"line":405,"column":6},"end":{"line":405,"column":44}},"235":{"start":{"line":405,"column":37},"end":{"line":405,"column":44}},"236":{"start":{"line":406,"column":18},"end":{"line":406,"column":28}},"237":{"start":{"line":407,"column":23},"end":{"line":407,"column":99}},"238":{"start":{"line":408,"column":35},"end":{"line":408,"column":83}},"239":{"start":{"line":409,"column":6},"end":{"line":409,"column":58}},"240":{"start":{"line":412,"column":4},"end":{"line":412,"column":20}},"241":{"start":{"line":413,"column":21},"end":{"line":413,"column":54}},"242":{"start":{"line":414,"column":4},"end":{"line":414,"column":41}},"243":{"start":{"line":414,"column":17},"end":{"line":414,"column":40}},"244":{"start":{"line":418,"column":2},"end":{"line":424,"column":3}},"245":{"start":{"line":419,"column":4},"end":{"line":423,"column":6}},"246":{"start":{"line":427,"column":2},"end":{"line":438,"column":3}},"247":{"start":{"line":428,"column":4},"end":{"line":437,"column":6}},"248":{"start":{"line":431,"column":10},"end":{"line":431,"column":61}},"249":{"start":{"line":431,"column":21},"end":{"line":431,"column":61}},"250":{"start":{"line":432,"column":10},"end":{"line":432,"column":65}},"251":{"start":{"line":433,"column":10},"end":{"line":433,"column":28}},"252":{"start":{"line":434,"column":10},"end":{"line":434,"column":32}},"253":{"start":{"line":441,"column":21},"end":{"line":492,"column":3}},"254":{"start":{"line":442,"column":4},"end":{"line":491,"column":5}},"255":{"start":{"line":443,"column":6},"end":{"line":465,"column":8}},"256":{"start":{"line":450,"column":12},"end":{"line":450,"column":47}},"257":{"start":{"line":451,"column":12},"end":{"line":451,"column":33}},"258":{"start":{"line":452,"column":12},"end":{"line":452,"column":31}},"259":{"start":{"line":455,"column":12},"end":{"line":455,"column":40}},"260":{"start":{"line":456,"column":12},"end":{"line":456,"column":33}},"261":{"start":{"line":457,"column":12},"end":{"line":457,"column":31}},"262":{"start":{"line":466,"column":11},"end":{"line":491,"column":5}},"263":{"start":{"line":467,"column":6},"end":{"line":477,"column":8}},"264":{"start":{"line":472,"column":12},"end":{"line":472,"column":47}},"265":{"start":{"line":473,"column":12},"end":{"line":473,"column":33}},"266":{"start":{"line":474,"column":12},"end":{"line":474,"column":31}},"267":{"start":{"line":478,"column":11},"end":{"line":491,"column":5}},"268":{"start":{"line":479,"column":6},"end":{"line":490,"column":8}},"269":{"start":{"line":485,"column":12},"end":{"line":485,"column":47}},"270":{"start":{"line":486,"column":12},"end":{"line":486,"column":33}},"271":{"start":{"line":487,"column":12},"end":{"line":487,"column":31}},"272":{"start":{"line":494,"column":2},"end":{"line":597,"column":4}},"273":{"start":{"line":519,"column":28},"end":{"line":519,"column":58}},"274":{"start":{"line":519,"column":50},"end":{"line":519,"column":57}},"275":{"start":{"line":520,"column":16},"end":{"line":520,"column":48}},"276":{"start":{"line":523,"column":18},"end":{"line":542,"column":17}},"277":{"start":{"line":524,"column":40},"end":{"line":524,"column":50}},"278":{"start":{"line":525,"column":44},"end":{"line":525,"column":103}},"279":{"start":{"line":528,"column":18},"end":{"line":530,"column":19}},"280":{"start":{"line":529,"column":20},"end":{"line":529,"column":53}},"281":{"start":{"line":532,"column":18},"end":{"line":541,"column":67}},"282":{"start":{"line":533,"column":42},"end":{"line":533,"column":56}},"283":{"start":{"line":534,"column":36},"end":{"line":534,"column":102}},"284":{"start":{"line":535,"column":20},"end":{"line":540,"column":21}},"285":{"start":{"line":536,"column":22},"end":{"line":539,"column":25}},"286":{"start":{"line":548,"column":31},"end":{"line":548,"column":61}},"287":{"start":{"line":574,"column":12},"end":{"line":574,"column":40}},"288":{"start":{"line":575,"column":24},"end":{"line":575,"column":34}},"289":{"start":{"line":576,"column":35},"end":{"line":576,"column":65}},"290":{"start":{"line":577,"column":29},"end":{"line":577,"column":42}},"291":{"start":{"line":578,"column":12},"end":{"line":578,"column":54}},"292":{"start":{"line":579,"column":12},"end":{"line":579,"column":37}},"293":{"start":{"line":580,"column":12},"end":{"line":580,"column":31}},"294":{"start":{"line":594,"column":56},"end":{"line":594,"column":77}}},"fnMap":{"0":{"name":"App","decl":{"start":{"line":14,"column":9},"end":{"line":14,"column":12}},"loc":{"start":{"line":14,"column":15},"end":{"line":598,"column":1}},"line":14},"1":{"name":"(anonymous_1)","decl":{"start":{"line":28,"column":37},"end":{"line":28,"column":38}},"loc":{"start":{"line":28,"column":43},"end":{"line":28,"column":83}},"line":28},"2":{"name":"(anonymous_2)","decl":{"start":{"line":39,"column":12},"end":{"line":39,"column":13}},"loc":{"start":{"line":39,"column":18},"end":{"line":58,"column":3}},"line":39},"3":{"name":"(anonymous_3)","decl":{"start":{"line":40,"column":24},"end":{"line":40,"column":25}},"loc":{"start":{"line":40,"column":30},"end":{"line":49,"column":5}},"line":40},"4":{"name":"(anonymous_4)","decl":{"start":{"line":57,"column":11},"end":{"line":57,"column":12}},"loc":{"start":{"line":57,"column":17},"end":{"line":57,"column":45}},"line":57},"5":{"name":"(anonymous_5)","decl":{"start":{"line":61,"column":28},"end":{"line":61,"column":29}},"loc":{"start":{"line":61,"column":38},"end":{"line":68,"column":3}},"line":61},"6":{"name":"(anonymous_6)","decl":{"start":{"line":71,"column":26},"end":{"line":71,"column":27}},"loc":{"start":{"line":71,"column":32},"end":{"line":87,"column":3}},"line":71},"7":{"name":"(anonymous_7)","decl":{"start":{"line":81,"column":38},"end":{"line":81,"column":39}},"loc":{"start":{"line":81,"column":46},"end":{"line":81,"column":74}},"line":81},"8":{"name":"(anonymous_8)","decl":{"start":{"line":90,"column":12},"end":{"line":90,"column":13}},"loc":{"start":{"line":90,"column":18},"end":{"line":144,"column":3}},"line":90},"9":{"name":"(anonymous_9)","decl":{"start":{"line":91,"column":30},"end":{"line":91,"column":31}},"loc":{"start":{"line":91,"column":42},"end":{"line":141,"column":5}},"line":91},"10":{"name":"(anonymous_10)","decl":{"start":{"line":147,"column":23},"end":{"line":147,"column":24}},"loc":{"start":{"line":147,"column":29},"end":{"line":156,"column":3}},"line":147},"11":{"name":"(anonymous_11)","decl":{"start":{"line":159,"column":12},"end":{"line":159,"column":13}},"loc":{"start":{"line":159,"column":18},"end":{"line":178,"column":3}},"line":159},"12":{"name":"(anonymous_12)","decl":{"start":{"line":160,"column":26},"end":{"line":160,"column":27}},"loc":{"start":{"line":160,"column":33},"end":{"line":175,"column":5}},"line":160},"13":{"name":"(anonymous_13)","decl":{"start":{"line":177,"column":11},"end":{"line":177,"column":12}},"loc":{"start":{"line":177,"column":17},"end":{"line":177,"column":69}},"line":177},"14":{"name":"(anonymous_14)","decl":{"start":{"line":181,"column":12},"end":{"line":181,"column":13}},"loc":{"start":{"line":181,"column":18},"end":{"line":184,"column":3}},"line":181},"15":{"name":"(anonymous_15)","decl":{"start":{"line":186,"column":22},"end":{"line":186,"column":23}},"loc":{"start":{"line":186,"column":28},"end":{"line":186,"column":74}},"line":186},"16":{"name":"(anonymous_16)","decl":{"start":{"line":189,"column":19},"end":{"line":189,"column":20}},"loc":{"start":{"line":189,"column":37},"end":{"line":194,"column":3}},"line":189},"17":{"name":"(anonymous_17)","decl":{"start":{"line":196,"column":20},"end":{"line":196,"column":21}},"loc":{"start":{"line":196,"column":65},"end":{"line":201,"column":1}},"line":196},"18":{"name":"(anonymous_18)","decl":{"start":{"line":204,"column":18},"end":{"line":204,"column":19}},"loc":{"start":{"line":204,"column":24},"end":{"line":210,"column":3}},"line":204},"19":{"name":"(anonymous_19)","decl":{"start":{"line":212,"column":20},"end":{"line":212,"column":21}},"loc":{"start":{"line":212,"column":31},"end":{"line":223,"column":1}},"line":212},"20":{"name":"(anonymous_20)","decl":{"start":{"line":226,"column":27},"end":{"line":226,"column":28}},"loc":{"start":{"line":227,"column":4},"end":{"line":227,"column":104}},"line":227},"21":{"name":"(anonymous_21)","decl":{"start":{"line":230,"column":26},"end":{"line":230,"column":27}},"loc":{"start":{"line":230,"column":38},"end":{"line":268,"column":1}},"line":230},"22":{"name":"(anonymous_22)","decl":{"start":{"line":253,"column":34},"end":{"line":253,"column":35}},"loc":{"start":{"line":253,"column":45},"end":{"line":257,"column":5}},"line":253},"23":{"name":"(anonymous_23)","decl":{"start":{"line":272,"column":26},"end":{"line":272,"column":27}},"loc":{"start":{"line":272,"column":39},"end":{"line":329,"column":3}},"line":272},"24":{"name":"(anonymous_24)","decl":{"start":{"line":332,"column":23},"end":{"line":332,"column":24}},"loc":{"start":{"line":332,"column":35},"end":{"line":357,"column":3}},"line":332},"25":{"name":"(anonymous_25)","decl":{"start":{"line":360,"column":14},"end":{"line":360,"column":15}},"loc":{"start":{"line":360,"column":20},"end":{"line":400,"column":5}},"line":360},"26":{"name":"(anonymous_26)","decl":{"start":{"line":364,"column":27},"end":{"line":364,"column":28}},"loc":{"start":{"line":364,"column":39},"end":{"line":396,"column":7}},"line":364},"27":{"name":"(anonymous_27)","decl":{"start":{"line":383,"column":40},"end":{"line":383,"column":41}},"loc":{"start":{"line":383,"column":51},"end":{"line":387,"column":11}},"line":383},"28":{"name":"(anonymous_28)","decl":{"start":{"line":399,"column":13},"end":{"line":399,"column":14}},"loc":{"start":{"line":399,"column":19},"end":{"line":399,"column":40}},"line":399},"29":{"name":"(anonymous_29)","decl":{"start":{"line":403,"column":12},"end":{"line":403,"column":13}},"loc":{"start":{"line":403,"column":18},"end":{"line":415,"column":3}},"line":403},"30":{"name":"(anonymous_30)","decl":{"start":{"line":404,"column":26},"end":{"line":404,"column":27}},"loc":{"start":{"line":404,"column":32},"end":{"line":410,"column":5}},"line":404},"31":{"name":"(anonymous_31)","decl":{"start":{"line":414,"column":11},"end":{"line":414,"column":12}},"loc":{"start":{"line":414,"column":17},"end":{"line":414,"column":40}},"line":414},"32":{"name":"(anonymous_32)","decl":{"start":{"line":430,"column":17},"end":{"line":430,"column":18}},"loc":{"start":{"line":430,"column":34},"end":{"line":435,"column":9}},"line":430},"33":{"name":"(anonymous_33)","decl":{"start":{"line":441,"column":21},"end":{"line":441,"column":22}},"loc":{"start":{"line":441,"column":27},"end":{"line":492,"column":3}},"line":441},"34":{"name":"(anonymous_34)","decl":{"start":{"line":449,"column":30},"end":{"line":449,"column":31}},"loc":{"start":{"line":449,"column":47},"end":{"line":453,"column":11}},"line":449},"35":{"name":"(anonymous_35)","decl":{"start":{"line":454,"column":28},"end":{"line":454,"column":29}},"loc":{"start":{"line":454,"column":38},"end":{"line":458,"column":11}},"line":454},"36":{"name":"(anonymous_36)","decl":{"start":{"line":471,"column":30},"end":{"line":471,"column":31}},"loc":{"start":{"line":471,"column":47},"end":{"line":475,"column":11}},"line":471},"37":{"name":"(anonymous_37)","decl":{"start":{"line":484,"column":30},"end":{"line":484,"column":31}},"loc":{"start":{"line":484,"column":47},"end":{"line":488,"column":11}},"line":484},"38":{"name":"(anonymous_38)","decl":{"start":{"line":518,"column":25},"end":{"line":518,"column":26}},"loc":{"start":{"line":518,"column":64},"end":{"line":543,"column":15}},"line":518},"39":{"name":"(anonymous_39)","decl":{"start":{"line":519,"column":40},"end":{"line":519,"column":41}},"loc":{"start":{"line":519,"column":50},"end":{"line":519,"column":57}},"line":519},"40":{"name":"(anonymous_40)","decl":{"start":{"line":532,"column":29},"end":{"line":532,"column":30}},"loc":{"start":{"line":532,"column":35},"end":{"line":541,"column":19}},"line":532},"41":{"name":"(anonymous_41)","decl":{"start":{"line":548,"column":24},"end":{"line":548,"column":25}},"loc":{"start":{"line":548,"column":31},"end":{"line":548,"column":61}},"line":548},"42":{"name":"(anonymous_42)","decl":{"start":{"line":573,"column":19},"end":{"line":573,"column":20}},"loc":{"start":{"line":573,"column":25},"end":{"line":581,"column":11}},"line":573},"43":{"name":"(anonymous_43)","decl":{"start":{"line":594,"column":50},"end":{"line":594,"column":51}},"loc":{"start":{"line":594,"column":56},"end":{"line":594,"column":77}},"line":594}},"branchMap":{"0":{"loc":{"start":{"line":28,"column":43},"end":{"line":28,"column":83}},"type":"binary-expr","locations":[{"start":{"line":28,"column":43},"end":{"line":28,"column":72}},{"start":{"line":28,"column":76},"end":{"line":28,"column":83}}],"line":28},"1":{"loc":{"start":{"line":41,"column":6},"end":{"line":48,"column":7}},"type":"if","locations":[{"start":{"line":41,"column":6},"end":{"line":48,"column":7}},{"start":{"line":46,"column":13},"end":{"line":48,"column":7}}],"line":41},"2":{"loc":{"start":{"line":72,"column":4},"end":{"line":72,"column":45}},"type":"if","locations":[{"start":{"line":72,"column":4},"end":{"line":72,"column":45}},{"start":{},"end":{}}],"line":72},"3":{"loc":{"start":{"line":82,"column":13},"end":{"line":82,"column":51}},"type":"cond-expr","locations":[{"start":{"line":82,"column":28},"end":{"line":82,"column":46}},{"start":{"line":82,"column":49},"end":{"line":82,"column":51}}],"line":82},"4":{"loc":{"start":{"line":95,"column":6},"end":{"line":98,"column":7}},"type":"if","locations":[{"start":{"line":95,"column":6},"end":{"line":98,"column":7}},{"start":{},"end":{}}],"line":95},"5":{"loc":{"start":{"line":101,"column":8},"end":{"line":108,"column":9}},"type":"if","locations":[{"start":{"line":101,"column":8},"end":{"line":108,"column":9}},{"start":{},"end":{}}],"line":101},"6":{"loc":{"start":{"line":113,"column":8},"end":{"line":119,"column":9}},"type":"if","locations":[{"start":{"line":113,"column":8},"end":{"line":119,"column":9}},{"start":{},"end":{}}],"line":113},"7":{"loc":{"start":{"line":123,"column":14},"end":{"line":123,"column":57}},"type":"binary-expr","locations":[{"start":{"line":123,"column":14},"end":{"line":123,"column":25}},{"start":{"line":123,"column":29},"end":{"line":123,"column":43}},{"start":{"line":123,"column":47},"end":{"line":123,"column":57}}],"line":123},"8":{"loc":{"start":{"line":148,"column":4},"end":{"line":155,"column":5}},"type":"if","locations":[{"start":{"line":148,"column":4},"end":{"line":155,"column":5}},{"start":{},"end":{}}],"line":148},"9":{"loc":{"start":{"line":161,"column":6},"end":{"line":166,"column":7}},"type":"if","locations":[{"start":{"line":161,"column":6},"end":{"line":166,"column":7}},{"start":{},"end":{}}],"line":161},"10":{"loc":{"start":{"line":161,"column":10},"end":{"line":161,"column":51}},"type":"binary-expr","locations":[{"start":{"line":161,"column":10},"end":{"line":161,"column":20}},{"start":{"line":161,"column":24},"end":{"line":161,"column":51}}],"line":161},"11":{"loc":{"start":{"line":167,"column":6},"end":{"line":174,"column":7}},"type":"if","locations":[{"start":{"line":167,"column":6},"end":{"line":174,"column":7}},{"start":{},"end":{}}],"line":167},"12":{"loc":{"start":{"line":167,"column":10},"end":{"line":167,"column":32}},"type":"binary-expr","locations":[{"start":{"line":167,"column":10},"end":{"line":167,"column":18}},{"start":{"line":167,"column":22},"end":{"line":167,"column":32}}],"line":167},"13":{"loc":{"start":{"line":168,"column":8},"end":{"line":173,"column":9}},"type":"switch","locations":[{"start":{"line":169,"column":10},"end":{"line":169,"column":69}},{"start":{"line":170,"column":10},"end":{"line":170,"column":70}},{"start":{"line":171,"column":10},"end":{"line":171,"column":71}},{"start":{"line":172,"column":10},"end":{"line":172,"column":25}}],"line":168},"14":{"loc":{"start":{"line":186,"column":37},"end":{"line":186,"column":73}},"type":"cond-expr","locations":[{"start":{"line":186,"column":57},"end":{"line":186,"column":63}},{"start":{"line":186,"column":66},"end":{"line":186,"column":73}}],"line":186},"15":{"loc":{"start":{"line":191,"column":4},"end":{"line":191,"column":43}},"type":"if","locations":[{"start":{"line":191,"column":4},"end":{"line":191,"column":43}},{"start":{},"end":{}}],"line":191},"16":{"loc":{"start":{"line":191,"column":8},"end":{"line":191,"column":33}},"type":"binary-expr","locations":[{"start":{"line":191,"column":8},"end":{"line":191,"column":23}},{"start":{"line":191,"column":27},"end":{"line":191,"column":33}}],"line":191},"17":{"loc":{"start":{"line":192,"column":4},"end":{"line":192,"column":43}},"type":"if","locations":[{"start":{"line":192,"column":4},"end":{"line":192,"column":43}},{"start":{},"end":{}}],"line":192},"18":{"loc":{"start":{"line":192,"column":8},"end":{"line":192,"column":35}},"type":"binary-expr","locations":[{"start":{"line":192,"column":8},"end":{"line":192,"column":23}},{"start":{"line":192,"column":27},"end":{"line":192,"column":35}}],"line":192},"19":{"loc":{"start":{"line":196,"column":30},"end":{"line":196,"column":60}},"type":"default-arg","locations":[{"start":{"line":196,"column":48},"end":{"line":196,"column":60}}],"line":196},"20":{"loc":{"start":{"line":198,"column":26},"end":{"line":198,"column":83}},"type":"cond-expr","locations":[{"start":{"line":198,"column":56},"end":{"line":198,"column":73}},{"start":{"line":198,"column":76},"end":{"line":198,"column":83}}],"line":198},"21":{"loc":{"start":{"line":205,"column":4},"end":{"line":205,"column":48}},"type":"if","locations":[{"start":{"line":205,"column":4},"end":{"line":205,"column":48}},{"start":{},"end":{}}],"line":205},"22":{"loc":{"start":{"line":213,"column":2},"end":{"line":216,"column":3}},"type":"if","locations":[{"start":{"line":213,"column":2},"end":{"line":216,"column":3}},{"start":{},"end":{}}],"line":213},"23":{"loc":{"start":{"line":214,"column":22},"end":{"line":214,"column":73}},"type":"cond-expr","locations":[{"start":{"line":214,"column":50},"end":{"line":214,"column":65}},{"start":{"line":214,"column":68},"end":{"line":214,"column":73}}],"line":214},"24":{"loc":{"start":{"line":215,"column":11},"end":{"line":215,"column":60}},"type":"cond-expr","locations":[{"start":{"line":215,"column":36},"end":{"line":215,"column":47}},{"start":{"line":215,"column":50},"end":{"line":215,"column":60}}],"line":215},"25":{"loc":{"start":{"line":220,"column":26},"end":{"line":220,"column":77}},"type":"cond-expr","locations":[{"start":{"line":220,"column":54},"end":{"line":220,"column":69}},{"start":{"line":220,"column":72},"end":{"line":220,"column":77}}],"line":220},"26":{"loc":{"start":{"line":222,"column":9},"end":{"line":222,"column":61}},"type":"cond-expr","locations":[{"start":{"line":222,"column":37},"end":{"line":222,"column":47}},{"start":{"line":222,"column":50},"end":{"line":222,"column":61}}],"line":222},"27":{"loc":{"start":{"line":232,"column":2},"end":{"line":232,"column":38}},"type":"if","locations":[{"start":{"line":232,"column":2},"end":{"line":232,"column":38}},{"start":{},"end":{}}],"line":232},"28":{"loc":{"start":{"line":232,"column":6},"end":{"line":232,"column":29}},"type":"binary-expr","locations":[{"start":{"line":232,"column":6},"end":{"line":232,"column":19}},{"start":{"line":232,"column":23},"end":{"line":232,"column":29}}],"line":232},"29":{"loc":{"start":{"line":239,"column":4},"end":{"line":246,"column":5}},"type":"if","locations":[{"start":{"line":239,"column":4},"end":{"line":246,"column":5}},{"start":{},"end":{}}],"line":239},"30":{"loc":{"start":{"line":240,"column":6},"end":{"line":244,"column":7}},"type":"if","locations":[{"start":{"line":240,"column":6},"end":{"line":244,"column":7}},{"start":{},"end":{}}],"line":240},"31":{"loc":{"start":{"line":275,"column":4},"end":{"line":275,"column":40}},"type":"if","locations":[{"start":{"line":275,"column":4},"end":{"line":275,"column":40}},{"start":{},"end":{}}],"line":275},"32":{"loc":{"start":{"line":275,"column":8},"end":{"line":275,"column":31}},"type":"binary-expr","locations":[{"start":{"line":275,"column":8},"end":{"line":275,"column":14}},{"start":{"line":275,"column":18},"end":{"line":275,"column":31}}],"line":275},"33":{"loc":{"start":{"line":284,"column":27},"end":{"line":284,"column":63}},"type":"binary-expr","locations":[{"start":{"line":284,"column":27},"end":{"line":284,"column":53}},{"start":{"line":284,"column":57},"end":{"line":284,"column":63}}],"line":284},"34":{"loc":{"start":{"line":292,"column":19},"end":{"line":292,"column":52}},"type":"binary-expr","locations":[{"start":{"line":292,"column":19},"end":{"line":292,"column":46}},{"start":{"line":292,"column":50},"end":{"line":292,"column":52}}],"line":292},"35":{"loc":{"start":{"line":293,"column":16},"end":{"line":293,"column":46}},"type":"binary-expr","locations":[{"start":{"line":293,"column":16},"end":{"line":293,"column":40}},{"start":{"line":293,"column":44},"end":{"line":293,"column":46}}],"line":293},"36":{"loc":{"start":{"line":294,"column":12},"end":{"line":294,"column":38}},"type":"binary-expr","locations":[{"start":{"line":294,"column":12},"end":{"line":294,"column":32}},{"start":{"line":294,"column":36},"end":{"line":294,"column":38}}],"line":294},"37":{"loc":{"start":{"line":295,"column":17},"end":{"line":295,"column":91}},"type":"binary-expr","locations":[{"start":{"line":295,"column":17},"end":{"line":295,"column":42}},{"start":{"line":295,"column":46},"end":{"line":295,"column":91}}],"line":295},"38":{"loc":{"start":{"line":295,"column":57},"end":{"line":295,"column":90}},"type":"binary-expr","locations":[{"start":{"line":295,"column":57},"end":{"line":295,"column":77}},{"start":{"line":295,"column":81},"end":{"line":295,"column":90}}],"line":295},"39":{"loc":{"start":{"line":296,"column":18},"end":{"line":296,"column":52}},"type":"binary-expr","locations":[{"start":{"line":296,"column":18},"end":{"line":296,"column":47}},{"start":{"line":296,"column":51},"end":{"line":296,"column":52}}],"line":296},"40":{"loc":{"start":{"line":297,"column":26},"end":{"line":297,"column":82}},"type":"cond-expr","locations":[{"start":{"line":297,"column":47},"end":{"line":297,"column":75}},{"start":{"line":297,"column":78},"end":{"line":297,"column":82}}],"line":297},"41":{"loc":{"start":{"line":298,"column":25},"end":{"line":298,"column":83}},"type":"cond-expr","locations":[{"start":{"line":298,"column":45},"end":{"line":298,"column":76}},{"start":{"line":298,"column":79},"end":{"line":298,"column":83}}],"line":298},"42":{"loc":{"start":{"line":302,"column":18},"end":{"line":304,"column":55}},"type":"cond-expr","locations":[{"start":{"line":303,"column":10},"end":{"line":303,"column":80}},{"start":{"line":304,"column":10},"end":{"line":304,"column":55}}],"line":302},"43":{"loc":{"start":{"line":305,"column":21},"end":{"line":305,"column":56}},"type":"cond-expr","locations":[{"start":{"line":305,"column":42},"end":{"line":305,"column":47}},{"start":{"line":305,"column":50},"end":{"line":305,"column":56}}],"line":305},"44":{"loc":{"start":{"line":313,"column":6},"end":{"line":320,"column":7}},"type":"if","locations":[{"start":{"line":313,"column":6},"end":{"line":320,"column":7}},{"start":{},"end":{}}],"line":313},"45":{"loc":{"start":{"line":314,"column":8},"end":{"line":317,"column":9}},"type":"if","locations":[{"start":{"line":314,"column":8},"end":{"line":317,"column":9}},{"start":{},"end":{}}],"line":314},"46":{"loc":{"start":{"line":319,"column":24},"end":{"line":319,"column":69}},"type":"binary-expr","locations":[{"start":{"line":319,"column":24},"end":{"line":319,"column":37}},{"start":{"line":319,"column":41},"end":{"line":319,"column":69}}],"line":319},"47":{"loc":{"start":{"line":333,"column":4},"end":{"line":333,"column":36}},"type":"if","locations":[{"start":{"line":333,"column":4},"end":{"line":333,"column":36}},{"start":{},"end":{}}],"line":333},"48":{"loc":{"start":{"line":335,"column":4},"end":{"line":335,"column":23}},"type":"if","locations":[{"start":{"line":335,"column":4},"end":{"line":335,"column":23}},{"start":{},"end":{}}],"line":335},"49":{"loc":{"start":{"line":343,"column":6},"end":{"line":349,"column":7}},"type":"if","locations":[{"start":{"line":343,"column":6},"end":{"line":349,"column":7}},{"start":{},"end":{}}],"line":343},"50":{"loc":{"start":{"line":344,"column":8},"end":{"line":347,"column":9}},"type":"if","locations":[{"start":{"line":344,"column":8},"end":{"line":347,"column":9}},{"start":{},"end":{}}],"line":344},"51":{"loc":{"start":{"line":361,"column":6},"end":{"line":361,"column":32}},"type":"if","locations":[{"start":{"line":361,"column":6},"end":{"line":361,"column":32}},{"start":{},"end":{}}],"line":361},"52":{"loc":{"start":{"line":366,"column":8},"end":{"line":366,"column":27}},"type":"if","locations":[{"start":{"line":366,"column":8},"end":{"line":366,"column":27}},{"start":{},"end":{}}],"line":366},"53":{"loc":{"start":{"line":373,"column":10},"end":{"line":380,"column":11}},"type":"if","locations":[{"start":{"line":373,"column":10},"end":{"line":380,"column":11}},{"start":{},"end":{}}],"line":373},"54":{"loc":{"start":{"line":374,"column":12},"end":{"line":378,"column":13}},"type":"if","locations":[{"start":{"line":374,"column":12},"end":{"line":378,"column":13}},{"start":{},"end":{}}],"line":374},"55":{"loc":{"start":{"line":389,"column":10},"end":{"line":389,"column":56}},"type":"if","locations":[{"start":{"line":389,"column":10},"end":{"line":389,"column":56}},{"start":{},"end":{}}],"line":389},"56":{"loc":{"start":{"line":391,"column":10},"end":{"line":394,"column":11}},"type":"if","locations":[{"start":{"line":391,"column":10},"end":{"line":394,"column":11}},{"start":{},"end":{}}],"line":391},"57":{"loc":{"start":{"line":405,"column":6},"end":{"line":405,"column":44}},"type":"if","locations":[{"start":{"line":405,"column":6},"end":{"line":405,"column":44}},{"start":{},"end":{}}],"line":405},"58":{"loc":{"start":{"line":418,"column":2},"end":{"line":424,"column":3}},"type":"if","locations":[{"start":{"line":418,"column":2},"end":{"line":424,"column":3}},{"start":{},"end":{}}],"line":418},"59":{"loc":{"start":{"line":427,"column":2},"end":{"line":438,"column":3}},"type":"if","locations":[{"start":{"line":427,"column":2},"end":{"line":438,"column":3}},{"start":{},"end":{}}],"line":427},"60":{"loc":{"start":{"line":431,"column":10},"end":{"line":431,"column":61}},"type":"if","locations":[{"start":{"line":431,"column":10},"end":{"line":431,"column":61}},{"start":{},"end":{}}],"line":431},"61":{"loc":{"start":{"line":442,"column":4},"end":{"line":491,"column":5}},"type":"if","locations":[{"start":{"line":442,"column":4},"end":{"line":491,"column":5}},{"start":{"line":466,"column":11},"end":{"line":491,"column":5}}],"line":442},"62":{"loc":{"start":{"line":466,"column":11},"end":{"line":491,"column":5}},"type":"if","locations":[{"start":{"line":466,"column":11},"end":{"line":491,"column":5}},{"start":{"line":478,"column":11},"end":{"line":491,"column":5}}],"line":466},"63":{"loc":{"start":{"line":478,"column":11},"end":{"line":491,"column":5}},"type":"if","locations":[{"start":{"line":478,"column":11},"end":{"line":491,"column":5}},{"start":{},"end":{}}],"line":478},"64":{"loc":{"start":{"line":518,"column":35},"end":{"line":518,"column":59}},"type":"default-arg","locations":[{"start":{"line":518,"column":54},"end":{"line":518,"column":59}}],"line":518},"65":{"loc":{"start":{"line":523,"column":18},"end":{"line":542,"column":17}},"type":"if","locations":[{"start":{"line":523,"column":18},"end":{"line":542,"column":17}},{"start":{},"end":{}}],"line":523},"66":{"loc":{"start":{"line":523,"column":22},"end":{"line":523,"column":60}},"type":"binary-expr","locations":[{"start":{"line":523,"column":22},"end":{"line":523,"column":38}},{"start":{"line":523,"column":42},"end":{"line":523,"column":60}}],"line":523},"67":{"loc":{"start":{"line":528,"column":18},"end":{"line":530,"column":19}},"type":"if","locations":[{"start":{"line":528,"column":18},"end":{"line":530,"column":19}},{"start":{},"end":{}}],"line":528},"68":{"loc":{"start":{"line":535,"column":20},"end":{"line":540,"column":21}},"type":"if","locations":[{"start":{"line":535,"column":20},"end":{"line":540,"column":21}},{"start":{},"end":{}}],"line":535},"69":{"loc":{"start":{"line":541,"column":21},"end":{"line":541,"column":65}},"type":"cond-expr","locations":[{"start":{"line":541,"column":56},"end":{"line":541,"column":59}},{"start":{"line":541,"column":62},"end":{"line":541,"column":65}}],"line":541},"70":{"loc":{"start":{"line":559,"column":15},"end":{"line":559,"column":73}},"type":"cond-expr","locations":[{"start":{"line":559,"column":35},"end":{"line":559,"column":53}},{"start":{"line":559,"column":56},"end":{"line":559,"column":73}}],"line":559},"71":{"loc":{"start":{"line":576,"column":35},"end":{"line":576,"column":65}},"type":"cond-expr","locations":[{"start":{"line":576,"column":59},"end":{"line":576,"column":60}},{"start":{"line":576,"column":63},"end":{"line":576,"column":65}}],"line":576}},"s":{"0":513,"1":512,"2":512,"3":512,"4":512,"5":512,"6":512,"7":512,"8":512,"9":512,"10":512,"11":512,"12":512,"13":512,"14":117,"15":512,"16":512,"17":512,"18":228,"19":350,"20":152,"21":152,"22":152,"23":198,"24":228,"25":228,"26":228,"27":228,"28":512,"29":372,"30":512,"31":372,"32":40,"33":332,"34":332,"35":332,"36":332,"37":2324,"38":332,"39":0,"40":0,"41":512,"42":117,"43":117,"44":117,"45":117,"46":7,"47":7,"48":110,"49":110,"50":98,"51":97,"52":97,"53":97,"54":97,"55":97,"56":12,"57":9,"58":9,"59":2,"60":2,"61":2,"62":2,"63":2,"64":7,"65":7,"66":7,"67":7,"68":7,"69":4,"70":4,"71":4,"72":110,"73":117,"74":512,"75":6,"76":5,"77":5,"78":5,"79":5,"80":5,"81":5,"82":512,"83":117,"84":9,"85":4,"86":4,"87":4,"88":4,"89":9,"90":3,"91":1,"92":1,"93":1,"94":1,"95":1,"96":1,"97":1,"98":1,"99":1,"100":0,"101":117,"102":117,"103":117,"104":512,"105":122,"106":122,"107":512,"108":5,"109":512,"110":40,"111":40,"112":1,"113":40,"114":1,"115":40,"116":512,"117":0,"118":0,"119":0,"120":512,"121":0,"122":0,"123":0,"124":0,"125":0,"126":0,"127":512,"128":0,"129":0,"130":0,"131":0,"132":0,"133":0,"134":0,"135":512,"136":372,"137":512,"138":19,"139":19,"140":0,"141":19,"142":19,"143":18,"144":0,"145":0,"146":0,"147":0,"148":0,"149":18,"150":18,"151":18,"152":0,"153":18,"154":18,"155":18,"156":1,"157":1,"158":512,"159":20,"160":20,"161":20,"162":0,"163":20,"164":20,"165":20,"166":20,"167":20,"168":20,"169":20,"170":20,"171":20,"172":20,"173":20,"174":20,"175":20,"176":20,"177":20,"178":3,"179":1,"180":1,"181":2,"182":2,"183":17,"184":17,"185":17,"186":17,"187":2,"188":512,"189":7,"190":2,"191":5,"192":5,"193":1,"194":4,"195":4,"196":4,"197":2,"198":1,"199":1,"200":1,"201":2,"202":2,"203":2,"204":1,"205":512,"206":228,"207":122,"208":106,"209":106,"210":106,"211":106,"212":2,"213":104,"214":104,"215":101,"216":2,"217":1,"218":1,"219":1,"220":1,"221":99,"222":99,"223":104,"224":99,"225":97,"226":3,"227":3,"228":3,"229":106,"230":106,"231":106,"232":512,"233":228,"234":230,"235":139,"236":91,"237":91,"238":91,"239":91,"240":228,"241":228,"242":228,"243":228,"244":512,"245":117,"246":395,"247":23,"248":2,"249":2,"250":2,"251":2,"252":2,"253":372,"254":372,"255":355,"256":8,"257":8,"258":8,"259":23,"260":23,"261":23,"262":17,"263":9,"264":1,"265":1,"266":1,"267":8,"268":8,"269":1,"270":1,"271":1,"272":372,"273":2,"274":1,"275":2,"276":2,"277":1,"278":1,"279":1,"280":1,"281":1,"282":1,"283":1,"284":1,"285":0,"286":8,"287":5,"288":5,"289":5,"290":5,"291":5,"292":5,"293":5,"294":1},"f":{"0":513,"1":117,"2":228,"3":350,"4":228,"5":372,"6":372,"7":2324,"8":117,"9":117,"10":6,"11":117,"12":9,"13":117,"14":122,"15":5,"16":40,"17":0,"18":0,"19":0,"20":372,"21":19,"22":0,"23":20,"24":7,"25":228,"26":106,"27":104,"28":106,"29":228,"30":230,"31":228,"32":2,"33":372,"34":8,"35":23,"36":1,"37":1,"38":2,"39":1,"40":1,"41":8,"42":5,"43":1},"b":{"0":[117,4],"1":[152,198],"2":[40,332],"3":[332,0],"4":[7,110],"5":[98,12],"6":[2,7],"7":[7,4,1],"8":[5,1],"9":[4,5],"10":[9,7],"11":[3,6],"12":[9,4],"13":[1,1,1,0],"14":[3,2],"15":[1,39],"16":[40,2],"17":[1,39],"18":[40,38],"19":[0],"20":[0,0],"21":[0,0],"22":[0,0],"23":[0,0],"24":[0,0],"25":[0,0],"26":[0,0],"27":[0,19],"28":[19,19],"29":[0,18],"30":[0,0],"31":[0,20],"32":[20,20],"33":[20,0],"34":[20,1],"35":[20,1],"36":[20,1],"37":[20,0],"38":[0,0],"39":[20,18],"40":[18,2],"41":[18,2],"42":[3,17],"43":[3,17],"44":[3,17],"45":[1,2],"46":[2,0],"47":[2,5],"48":[1,4],"49":[2,2],"50":[1,1],"51":[122,106],"52":[2,104],"53":[2,99],"54":[1,1],"55":[97,2],"56":[3,0],"57":[139,91],"58":[117,395],"59":[23,372],"60":[2,0],"61":[355,17],"62":[9,8],"63":[8,0],"64":[0],"65":[1,1],"66":[2,1],"67":[1,0],"68":[0,1],"69":[1,0],"70":[366,6],"71":[2,3]},"_coverageSchema":"1a1c01bbd47fc00a2c39e90264f33305004495a9","hash":"c216c0736f302e3392bad832bfecbefc8ea8ee7e"}
,"C:\\Users\\dhanshrepriya.p_disp\\calendar\\react-app-template\\src\\components\\AppointmentBlock.js": {"path":"C:\\Users\\dhanshrepriya.p_disp\\calendar\\react-app-template\\src\\components\\AppointmentBlock.js","statementMap":{"0":{"start":{"line":4,"column":16},"end":{"line":4,"column":47}},"1":{"start":{"line":5,"column":14},"end":{"line":5,"column":43}},"2":{"start":{"line":6,"column":23},"end":{"line":6,"column":65}},"3":{"start":{"line":7,"column":21},"end":{"line":7,"column":59}},"4":{"start":{"line":8,"column":14},"end":{"line":8,"column":58}},"5":{"start":{"line":9,"column":17},"end":{"line":9,"column":90}},"6":{"start":{"line":11,"column":25},"end":{"line":18,"column":3}},"7":{"start":{"line":12,"column":16},"end":{"line":12,"column":26}},"8":{"start":{"line":13,"column":14},"end":{"line":13,"column":33}},"9":{"start":{"line":14,"column":14},"end":{"line":14,"column":31}},"10":{"start":{"line":15,"column":4},"end":{"line":15,"column":35}},"11":{"start":{"line":15,"column":17},"end":{"line":15,"column":35}},"12":{"start":{"line":16,"column":4},"end":{"line":16,"column":47}},"13":{"start":{"line":16,"column":30},"end":{"line":16,"column":47}},"14":{"start":{"line":17,"column":4},"end":{"line":17,"column":23}},"15":{"start":{"line":20,"column":17},"end":{"line":20,"column":90}},"16":{"start":{"line":22,"column":26},"end":{"line":30,"column":3}},"17":{"start":{"line":23,"column":4},"end":{"line":23,"column":68}},"18":{"start":{"line":24,"column":4},"end":{"line":24,"column":42}},"19":{"start":{"line":27,"column":4},"end":{"line":29,"column":10}},"20":{"start":{"line":28,"column":6},"end":{"line":28,"column":37}},"21":{"start":{"line":32,"column":24},"end":{"line":35,"column":3}},"22":{"start":{"line":34,"column":4},"end":{"line":34,"column":33}},"23":{"start":{"line":37,"column":22},"end":{"line":41,"column":3}},"24":{"start":{"line":39,"column":4},"end":{"line":39,"column":35}},"25":{"start":{"line":39,"column":28},"end":{"line":39,"column":35}},"26":{"start":{"line":40,"column":4},"end":{"line":40,"column":27}},"27":{"start":{"line":40,"column":17},"end":{"line":40,"column":27}},"28":{"start":{"line":43,"column":2},"end":{"line":67,"column":4}},"29":{"start":{"line":60,"column":26},"end":{"line":60,"column":59}},"30":{"start":{"line":60,"column":49},"end":{"line":60,"column":59}}},"fnMap":{"0":{"name":"AppointmentBlock","decl":{"start":{"line":3,"column":9},"end":{"line":3,"column":25}},"loc":{"start":{"line":3,"column":113},"end":{"line":68,"column":1}},"line":3},"1":{"name":"(anonymous_1)","decl":{"start":{"line":11,"column":25},"end":{"line":11,"column":26}},"loc":{"start":{"line":11,"column":49},"end":{"line":18,"column":3}},"line":11},"2":{"name":"(anonymous_2)","decl":{"start":{"line":22,"column":26},"end":{"line":22,"column":27}},"loc":{"start":{"line":22,"column":33},"end":{"line":30,"column":3}},"line":22},"3":{"name":"(anonymous_3)","decl":{"start":{"line":27,"column":15},"end":{"line":27,"column":16}},"loc":{"start":{"line":27,"column":21},"end":{"line":29,"column":5}},"line":27},"4":{"name":"(anonymous_4)","decl":{"start":{"line":32,"column":24},"end":{"line":32,"column":25}},"loc":{"start":{"line":32,"column":31},"end":{"line":35,"column":3}},"line":32},"5":{"name":"(anonymous_5)","decl":{"start":{"line":37,"column":22},"end":{"line":37,"column":23}},"loc":{"start":{"line":37,"column":29},"end":{"line":41,"column":3}},"line":37},"6":{"name":"(anonymous_6)","decl":{"start":{"line":60,"column":17},"end":{"line":60,"column":18}},"loc":{"start":{"line":60,"column":24},"end":{"line":60,"column":61}},"line":60}},"branchMap":{"0":{"loc":{"start":{"line":3,"column":50},"end":{"line":3,"column":65}},"type":"default-arg","locations":[{"start":{"line":3,"column":63},"end":{"line":3,"column":65}}],"line":3},"1":{"loc":{"start":{"line":3,"column":78},"end":{"line":3,"column":95}},"type":"default-arg","locations":[{"start":{"line":3,"column":90},"end":{"line":3,"column":95}}],"line":3},"2":{"loc":{"start":{"line":3,"column":97},"end":{"line":3,"column":109}},"type":"default-arg","locations":[{"start":{"line":3,"column":107},"end":{"line":3,"column":109}}],"line":3},"3":{"loc":{"start":{"line":15,"column":4},"end":{"line":15,"column":35}},"type":"if","locations":[{"start":{"line":15,"column":4},"end":{"line":15,"column":35}},{"start":{},"end":{}}],"line":15},"4":{"loc":{"start":{"line":16,"column":4},"end":{"line":16,"column":47}},"type":"if","locations":[{"start":{"line":16,"column":4},"end":{"line":16,"column":47}},{"start":{},"end":{}}],"line":16},"5":{"loc":{"start":{"line":16,"column":8},"end":{"line":16,"column":28}},"type":"binary-expr","locations":[{"start":{"line":16,"column":8},"end":{"line":16,"column":16}},{"start":{"line":16,"column":20},"end":{"line":16,"column":28}}],"line":16},"6":{"loc":{"start":{"line":20,"column":18},"end":{"line":20,"column":45}},"type":"binary-expr","locations":[{"start":{"line":20,"column":18},"end":{"line":20,"column":27}},{"start":{"line":20,"column":31},"end":{"line":20,"column":45}}],"line":20},"7":{"loc":{"start":{"line":39,"column":4},"end":{"line":39,"column":35}},"type":"if","locations":[{"start":{"line":39,"column":4},"end":{"line":39,"column":35}},{"start":{},"end":{}}],"line":39},"8":{"loc":{"start":{"line":40,"column":4},"end":{"line":40,"column":27}},"type":"if","locations":[{"start":{"line":40,"column":4},"end":{"line":40,"column":27}},{"start":{},"end":{}}],"line":40},"9":{"loc":{"start":{"line":48,"column":48},"end":{"line":48,"column":76}},"type":"cond-expr","locations":[{"start":{"line":48,"column":60},"end":{"line":48,"column":71}},{"start":{"line":48,"column":74},"end":{"line":48,"column":76}}],"line":48},"10":{"loc":{"start":{"line":53,"column":25},"end":{"line":53,"column":84}},"type":"binary-expr","locations":[{"start":{"line":53,"column":25},"end":{"line":53,"column":46}},{"start":{"line":53,"column":50},"end":{"line":53,"column":71}},{"start":{"line":53,"column":75},"end":{"line":53,"column":84}}],"line":53},"11":{"loc":{"start":{"line":60,"column":26},"end":{"line":60,"column":59}},"type":"if","locations":[{"start":{"line":60,"column":26},"end":{"line":60,"column":59}},{"start":{},"end":{}}],"line":60}},"s":{"0":144,"1":144,"2":144,"3":144,"4":144,"5":144,"6":144,"7":143,"8":143,"9":143,"10":143,"11":139,"12":4,"13":1,"14":3,"15":144,"16":144,"17":2,"18":2,"19":2,"20":1,"21":144,"22":1,"23":144,"24":3,"25":1,"26":2,"27":1,"28":144,"29":3,"30":1},"f":{"0":144,"1":143,"2":2,"3":1,"4":1,"5":3,"6":3},"b":{"0":[0],"1":[0],"2":[0],"3":[139,4],"4":[1,3],"5":[4,3],"6":[144,143],"7":[1,2],"8":[1,1],"9":[2,142],"10":[144,142,1],"11":[1,2]},"_coverageSchema":"1a1c01bbd47fc00a2c39e90264f33305004495a9","hash":"b20162243050ab0819b36f19bedad7af1c94db60"}
,"C:\\Users\\dhanshrepriya.p_disp\\calendar\\react-app-template\\src\\components\\DateNav.js": {"path":"C:\\Users\\dhanshrepriya.p_disp\\calendar\\react-app-template\\src\\components\\DateNav.js","statementMap":{"0":{"start":{"line":5,"column":15},"end":{"line":5,"column":37}},"1":{"start":{"line":7,"column":18},"end":{"line":11,"column":3}},"2":{"start":{"line":8,"column":15},"end":{"line":8,"column":26}},"3":{"start":{"line":9,"column":4},"end":{"line":9,"column":36}},"4":{"start":{"line":10,"column":4},"end":{"line":10,"column":14}},"5":{"start":{"line":13,"column":20},"end":{"line":17,"column":3}},"6":{"start":{"line":14,"column":15},"end":{"line":14,"column":26}},"7":{"start":{"line":15,"column":4},"end":{"line":15,"column":40}},"8":{"start":{"line":16,"column":4},"end":{"line":16,"column":14}},"9":{"start":{"line":20,"column":21},"end":{"line":25,"column":3}},"10":{"start":{"line":21,"column":24},"end":{"line":21,"column":47}},"11":{"start":{"line":22,"column":22},"end":{"line":22,"column":45}},"12":{"start":{"line":23,"column":20},"end":{"line":23,"column":54}},"13":{"start":{"line":24,"column":4},"end":{"line":24,"column":137}},"14":{"start":{"line":28,"column":22},"end":{"line":30,"column":3}},"15":{"start":{"line":29,"column":4},"end":{"line":29,"column":78}},"16":{"start":{"line":32,"column":21},"end":{"line":40,"column":3}},"17":{"start":{"line":33,"column":4},"end":{"line":39,"column":5}},"18":{"start":{"line":34,"column":6},"end":{"line":34,"column":69}},"19":{"start":{"line":35,"column":11},"end":{"line":39,"column":5}},"20":{"start":{"line":36,"column":6},"end":{"line":36,"column":71}},"21":{"start":{"line":38,"column":6},"end":{"line":38,"column":69}},"22":{"start":{"line":42,"column":21},"end":{"line":50,"column":3}},"23":{"start":{"line":43,"column":4},"end":{"line":49,"column":5}},"24":{"start":{"line":44,"column":6},"end":{"line":44,"column":68}},"25":{"start":{"line":45,"column":11},"end":{"line":49,"column":5}},"26":{"start":{"line":46,"column":6},"end":{"line":46,"column":70}},"27":{"start":{"line":48,"column":6},"end":{"line":48,"column":68}},"28":{"start":{"line":52,"column":2},"end":{"line":79,"column":4}},"29":{"start":{"line":63,"column":27},"end":{"line":63,"column":58}}},"fnMap":{"0":{"name":"DateNav","decl":{"start":{"line":4,"column":9},"end":{"line":4,"column":16}},"loc":{"start":{"line":4,"column":65},"end":{"line":80,"column":1}},"line":4},"1":{"name":"(anonymous_1)","decl":{"start":{"line":7,"column":18},"end":{"line":7,"column":19}},"loc":{"start":{"line":7,"column":31},"end":{"line":11,"column":3}},"line":7},"2":{"name":"(anonymous_2)","decl":{"start":{"line":13,"column":20},"end":{"line":13,"column":21}},"loc":{"start":{"line":13,"column":35},"end":{"line":17,"column":3}},"line":13},"3":{"name":"(anonymous_3)","decl":{"start":{"line":20,"column":21},"end":{"line":20,"column":22}},"loc":{"start":{"line":20,"column":28},"end":{"line":25,"column":3}},"line":20},"4":{"name":"(anonymous_4)","decl":{"start":{"line":28,"column":22},"end":{"line":28,"column":23}},"loc":{"start":{"line":28,"column":29},"end":{"line":30,"column":3}},"line":28},"5":{"name":"(anonymous_5)","decl":{"start":{"line":32,"column":21},"end":{"line":32,"column":22}},"loc":{"start":{"line":32,"column":27},"end":{"line":40,"column":3}},"line":32},"6":{"name":"(anonymous_6)","decl":{"start":{"line":42,"column":21},"end":{"line":42,"column":22}},"loc":{"start":{"line":42,"column":27},"end":{"line":50,"column":3}},"line":42},"7":{"name":"(anonymous_7)","decl":{"start":{"line":63,"column":20},"end":{"line":63,"column":21}},"loc":{"start":{"line":63,"column":27},"end":{"line":63,"column":58}},"line":63}},"branchMap":{"0":{"loc":{"start":{"line":33,"column":4},"end":{"line":39,"column":5}},"type":"if","locations":[{"start":{"line":33,"column":4},"end":{"line":39,"column":5}},{"start":{"line":35,"column":11},"end":{"line":39,"column":5}}],"line":33},"1":{"loc":{"start":{"line":35,"column":11},"end":{"line":39,"column":5}},"type":"if","locations":[{"start":{"line":35,"column":11},"end":{"line":39,"column":5}},{"start":{"line":37,"column":11},"end":{"line":39,"column":5}}],"line":35},"2":{"loc":{"start":{"line":43,"column":4},"end":{"line":49,"column":5}},"type":"if","locations":[{"start":{"line":43,"column":4},"end":{"line":49,"column":5}},{"start":{"line":45,"column":11},"end":{"line":49,"column":5}}],"line":43},"3":{"loc":{"start":{"line":45,"column":11},"end":{"line":49,"column":5}},"type":"if","locations":[{"start":{"line":45,"column":11},"end":{"line":49,"column":5}},{"start":{"line":47,"column":11},"end":{"line":49,"column":5}}],"line":45},"4":{"loc":{"start":{"line":57,"column":7},"end":{"line":73,"column":7}},"type":"cond-expr","locations":[{"start":{"line":59,"column":8},"end":{"line":64,"column":10}},{"start":{"line":66,"column":8},"end":{"line":72,"column":15}}],"line":57},"5":{"loc":{"start":{"line":67,"column":11},"end":{"line":71,"column":39}},"type":"cond-expr","locations":[{"start":{"line":68,"column":14},"end":{"line":68,"column":30}},{"start":{"line":69,"column":14},"end":{"line":71,"column":39}}],"line":67},"6":{"loc":{"start":{"line":69,"column":14},"end":{"line":71,"column":39}},"type":"cond-expr","locations":[{"start":{"line":70,"column":14},"end":{"line":70,"column":31}},{"start":{"line":71,"column":14},"end":{"line":71,"column":39}}],"line":69}},"s":{"0":76,"1":76,"2":46,"3":46,"4":46,"5":76,"6":7,"7":7,"8":7,"9":76,"10":13,"11":13,"12":13,"13":13,"14":76,"15":11,"16":76,"17":8,"18":1,"19":7,"20":4,"21":3,"22":76,"23":19,"24":1,"25":18,"26":3,"27":15,"28":76,"29":1},"f":{"0":76,"1":46,"2":7,"3":13,"4":11,"5":8,"6":19,"7":1},"b":{"0":[1,7],"1":[4,3],"2":[1,18],"3":[3,15],"4":[52,24],"5":[13,11],"6":[11,0]},"_coverageSchema":"1a1c01bbd47fc00a2c39e90264f33305004495a9","hash":"6359fe2976d652a4e975e35df967a5e7b59f5232"}
,"C:\\Users\\dhanshrepriya.p_disp\\calendar\\react-app-template\\src\\components\\ErrorModal.js": {"path":"C:\\Users\\dhanshrepriya.p_disp\\calendar\\react-app-template\\src\\components\\ErrorModal.js","statementMap":{"0":{"start":{"line":4,"column":2},"end":{"line":4,"column":28}},"1":{"start":{"line":4,"column":16},"end":{"line":4,"column":28}},"2":{"start":{"line":6,"column":2},"end":{"line":14,"column":4}}},"fnMap":{"0":{"name":"ErrorModal","decl":{"start":{"line":3,"column":9},"end":{"line":3,"column":19}},"loc":{"start":{"line":3,"column":42},"end":{"line":15,"column":1}},"line":3}},"branchMap":{"0":{"loc":{"start":{"line":4,"column":2},"end":{"line":4,"column":28}},"type":"if","locations":[{"start":{"line":4,"column":2},"end":{"line":4,"column":28}},{"start":{},"end":{}}],"line":4}},"s":{"0":165,"1":15,"2":150},"f":{"0":165},"b":{"0":[15,150]},"_coverageSchema":"1a1c01bbd47fc00a2c39e90264f33305004495a9","hash":"1d0d56aceb990ccf173138d62371ee7112f8a126"}
,"C:\\Users\\dhanshrepriya.p_disp\\calendar\\react-app-template\\src\\components\\Login.js": {"path":"C:\\Users\\dhanshrepriya.p_disp\\calendar\\react-app-template\\src\\components\\Login.js","statementMap":{"0":{"start":{"line":4,"column":34},"end":{"line":4,"column":46}},"1":{"start":{"line":5,"column":34},"end":{"line":5,"column":46}},"2":{"start":{"line":6,"column":36},"end":{"line":6,"column":48}},"3":{"start":{"line":7,"column":34},"end":{"line":7,"column":46}},"4":{"start":{"line":8,"column":38},"end":{"line":10,"column":3}},"5":{"start":{"line":11,"column":28},"end":{"line":11,"column":40}},"6":{"start":{"line":12,"column":38},"end":{"line":12,"column":53}},"7":{"start":{"line":14,"column":23},"end":{"line":68,"column":3}},"8":{"start":{"line":15,"column":4},"end":{"line":15,"column":23}},"9":{"start":{"line":16,"column":4},"end":{"line":67,"column":5}},"10":{"start":{"line":17,"column":18},"end":{"line":19,"column":49}},"11":{"start":{"line":20,"column":19},"end":{"line":22,"column":32}},"12":{"start":{"line":24,"column":23},"end":{"line":28,"column":8}},"13":{"start":{"line":30,"column":6},"end":{"line":34,"column":7}},"14":{"start":{"line":31,"column":20},"end":{"line":31,"column":41}},"15":{"start":{"line":32,"column":8},"end":{"line":32,"column":56}},"16":{"start":{"line":33,"column":8},"end":{"line":33,"column":15}},"17":{"start":{"line":36,"column":19},"end":{"line":36,"column":40}},"18":{"start":{"line":38,"column":6},"end":{"line":48,"column":7}},"19":{"start":{"line":39,"column":8},"end":{"line":39,"column":21}},"20":{"start":{"line":40,"column":8},"end":{"line":40,"column":61}},"21":{"start":{"line":41,"column":8},"end":{"line":41,"column":24}},"22":{"start":{"line":42,"column":8},"end":{"line":42,"column":24}},"23":{"start":{"line":43,"column":8},"end":{"line":43,"column":25}},"24":{"start":{"line":44,"column":8},"end":{"line":44,"column":24}},"25":{"start":{"line":45,"column":8},"end":{"line":45,"column":72}},"26":{"start":{"line":46,"column":8},"end":{"line":46,"column":29}},"27":{"start":{"line":47,"column":8},"end":{"line":47,"column":15}},"28":{"start":{"line":51,"column":6},"end":{"line":53,"column":7}},"29":{"start":{"line":52,"column":8},"end":{"line":52,"column":53}},"30":{"start":{"line":56,"column":6},"end":{"line":62,"column":21}},"31":{"start":{"line":65,"column":6},"end":{"line":65,"column":25}},"32":{"start":{"line":66,"column":6},"end":{"line":66,"column":51}},"33":{"start":{"line":70,"column":2},"end":{"line":156,"column":4}},"34":{"start":{"line":79,"column":29},"end":{"line":79,"column":56}},"35":{"start":{"line":86,"column":29},"end":{"line":86,"column":56}},"36":{"start":{"line":97,"column":33},"end":{"line":97,"column":61}},"37":{"start":{"line":104,"column":33},"end":{"line":104,"column":60}},"38":{"start":{"line":109,"column":31},"end":{"line":109,"column":60}},"39":{"start":{"line":112,"column":16},"end":{"line":114,"column":25}},"40":{"start":{"line":131,"column":18},"end":{"line":131,"column":39}},"41":{"start":{"line":132,"column":18},"end":{"line":132,"column":31}},"42":{"start":{"line":145,"column":18},"end":{"line":145,"column":38}},"43":{"start":{"line":146,"column":18},"end":{"line":146,"column":31}}},"fnMap":{"0":{"name":"Login","decl":{"start":{"line":3,"column":9},"end":{"line":3,"column":14}},"loc":{"start":{"line":3,"column":28},"end":{"line":157,"column":1}},"line":3},"1":{"name":"(anonymous_1)","decl":{"start":{"line":14,"column":23},"end":{"line":14,"column":24}},"loc":{"start":{"line":14,"column":36},"end":{"line":68,"column":3}},"line":14},"2":{"name":"(anonymous_2)","decl":{"start":{"line":79,"column":22},"end":{"line":79,"column":23}},"loc":{"start":{"line":79,"column":29},"end":{"line":79,"column":56}},"line":79},"3":{"name":"(anonymous_3)","decl":{"start":{"line":86,"column":22},"end":{"line":86,"column":23}},"loc":{"start":{"line":86,"column":29},"end":{"line":86,"column":56}},"line":86},"4":{"name":"(anonymous_4)","decl":{"start":{"line":97,"column":26},"end":{"line":97,"column":27}},"loc":{"start":{"line":97,"column":33},"end":{"line":97,"column":61}},"line":97},"5":{"name":"(anonymous_5)","decl":{"start":{"line":104,"column":26},"end":{"line":104,"column":27}},"loc":{"start":{"line":104,"column":33},"end":{"line":104,"column":60}},"line":104},"6":{"name":"(anonymous_6)","decl":{"start":{"line":109,"column":24},"end":{"line":109,"column":25}},"loc":{"start":{"line":109,"column":31},"end":{"line":109,"column":60}},"line":109},"7":{"name":"(anonymous_7)","decl":{"start":{"line":111,"column":54},"end":{"line":111,"column":55}},"loc":{"start":{"line":112,"column":16},"end":{"line":114,"column":25}},"line":112},"8":{"name":"(anonymous_8)","decl":{"start":{"line":130,"column":25},"end":{"line":130,"column":26}},"loc":{"start":{"line":130,"column":31},"end":{"line":133,"column":17}},"line":130},"9":{"name":"(anonymous_9)","decl":{"start":{"line":144,"column":25},"end":{"line":144,"column":26}},"loc":{"start":{"line":144,"column":31},"end":{"line":147,"column":17}},"line":144}},"branchMap":{"0":{"loc":{"start":{"line":17,"column":18},"end":{"line":19,"column":49}},"type":"cond-expr","locations":[{"start":{"line":18,"column":10},"end":{"line":18,"column":52}},{"start":{"line":19,"column":10},"end":{"line":19,"column":49}}],"line":17},"1":{"loc":{"start":{"line":20,"column":19},"end":{"line":22,"column":32}},"type":"cond-expr","locations":[{"start":{"line":21,"column":10},"end":{"line":21,"column":65}},{"start":{"line":22,"column":10},"end":{"line":22,"column":32}}],"line":20},"2":{"loc":{"start":{"line":30,"column":6},"end":{"line":34,"column":7}},"type":"if","locations":[{"start":{"line":30,"column":6},"end":{"line":34,"column":7}},{"start":{},"end":{}}],"line":30},"3":{"loc":{"start":{"line":32,"column":17},"end":{"line":32,"column":54}},"type":"binary-expr","locations":[{"start":{"line":32,"column":17},"end":{"line":32,"column":28}},{"start":{"line":32,"column":32},"end":{"line":32,"column":54}}],"line":32},"4":{"loc":{"start":{"line":38,"column":6},"end":{"line":48,"column":7}},"type":"if","locations":[{"start":{"line":38,"column":6},"end":{"line":48,"column":7}},{"start":{},"end":{}}],"line":38},"5":{"loc":{"start":{"line":51,"column":6},"end":{"line":53,"column":7}},"type":"if","locations":[{"start":{"line":51,"column":6},"end":{"line":53,"column":7}},{"start":{},"end":{}}],"line":51},"6":{"loc":{"start":{"line":51,"column":10},"end":{"line":51,"column":35}},"type":"binary-expr","locations":[{"start":{"line":51,"column":10},"end":{"line":51,"column":21}},{"start":{"line":51,"column":25},"end":{"line":51,"column":35}}],"line":51},"7":{"loc":{"start":{"line":74,"column":36},"end":{"line":74,"column":64}},"type":"cond-expr","locations":[{"start":{"line":74,"column":49},"end":{"line":74,"column":59}},{"start":{"line":74,"column":62},"end":{"line":74,"column":64}}],"line":74},"8":{"loc":{"start":{"line":90,"column":9},"end":{"line":118,"column":9}},"type":"binary-expr","locations":[{"start":{"line":90,"column":9},"end":{"line":90,"column":19}},{"start":{"line":91,"column":10},"end":{"line":117,"column":13}}],"line":90},"9":{"loc":{"start":{"line":120,"column":11},"end":{"line":120,"column":44}},"type":"cond-expr","locations":[{"start":{"line":120,"column":24},"end":{"line":120,"column":34}},{"start":{"line":120,"column":37},"end":{"line":120,"column":44}}],"line":120},"10":{"loc":{"start":{"line":122,"column":9},"end":{"line":122,"column":58}},"type":"binary-expr","locations":[{"start":{"line":122,"column":9},"end":{"line":122,"column":14}},{"start":{"line":122,"column":18},"end":{"line":122,"column":58}}],"line":122},"11":{"loc":{"start":{"line":124,"column":11},"end":{"line":152,"column":11}},"type":"cond-expr","locations":[{"start":{"line":125,"column":12},"end":{"line":137,"column":15}},{"start":{"line":139,"column":12},"end":{"line":151,"column":15}}],"line":124}},"s":{"0":46,"1":46,"2":46,"3":46,"4":46,"5":46,"6":46,"7":46,"8":6,"9":6,"10":6,"11":6,"12":6,"13":5,"14":3,"15":3,"16":3,"17":2,"18":2,"19":1,"20":1,"21":1,"22":1,"23":1,"24":1,"25":1,"26":1,"27":1,"28":1,"29":1,"30":1,"31":1,"32":1,"33":46,"34":7,"35":7,"36":3,"37":2,"38":1,"39":90,"40":1,"41":1,"42":7,"43":7},"f":{"0":46,"1":6,"2":7,"3":7,"4":3,"5":2,"6":1,"7":90,"8":1,"9":7},"b":{"0":[2,4],"1":[2,4],"2":[3,2],"3":[3,1],"4":[1,1],"5":[1,0],"6":[1,1],"7":[18,28],"8":[46,18],"9":[18,28],"10":[46,4],"11":[18,28]},"_coverageSchema":"1a1c01bbd47fc00a2c39e90264f33305004495a9","hash":"14446fc6ec30eb33f01ad10cbccb462396c3d1a6"}
,"C:\\Users\\dhanshrepriya.p_disp\\calendar\\react-app-template\\src\\components\\Modal.js": {"path":"C:\\Users\\dhanshrepriya.p_disp\\calendar\\react-app-template\\src\\components\\Modal.js","statementMap":{"0":{"start":{"line":4,"column":24},"end":{"line":13,"column":1}},"1":{"start":{"line":5,"column":2},"end":{"line":5,"column":22}},"2":{"start":{"line":5,"column":12},"end":{"line":5,"column":22}},"3":{"start":{"line":6,"column":12},"end":{"line":6,"column":25}},"4":{"start":{"line":7,"column":14},"end":{"line":7,"column":26}},"5":{"start":{"line":8,"column":18},"end":{"line":8,"column":32}},"6":{"start":{"line":9,"column":2},"end":{"line":9,"column":27}},"7":{"start":{"line":10,"column":13},"end":{"line":10,"column":43}},"8":{"start":{"line":11,"column":13},"end":{"line":11,"column":45}},"9":{"start":{"line":12,"column":2},"end":{"line":12,"column":23}},"10":{"start":{"line":15,"column":21},"end":{"line":18,"column":1}},"11":{"start":{"line":16,"column":2},"end":{"line":16,"column":24}},"12":{"start":{"line":16,"column":12},"end":{"line":16,"column":24}},"13":{"start":{"line":17,"column":2},"end":{"line":17,"column":54}},"14":{"start":{"line":28,"column":17},"end":{"line":28,"column":37}},"15":{"start":{"line":31,"column":46},"end":{"line":31,"column":62}},"16":{"start":{"line":34,"column":2},"end":{"line":44,"column":46}},"17":{"start":{"line":35,"column":4},"end":{"line":43,"column":5}},"18":{"start":{"line":36,"column":6},"end":{"line":42,"column":7}},"19":{"start":{"line":38,"column":30},"end":{"line":38,"column":82}},"20":{"start":{"line":39,"column":8},"end":{"line":39,"column":82}},"21":{"start":{"line":41,"column":8},"end":{"line":41,"column":34}},"22":{"start":{"line":46,"column":2},"end":{"line":46,"column":30}},"23":{"start":{"line":46,"column":18},"end":{"line":46,"column":30}},"24":{"start":{"line":48,"column":19},"end":{"line":50,"column":32}},"25":{"start":{"line":51,"column":17},"end":{"line":55,"column":10}},"26":{"start":{"line":58,"column":34},"end":{"line":62,"column":3}},"27":{"start":{"line":59,"column":4},"end":{"line":59,"column":69}},"28":{"start":{"line":59,"column":59},"end":{"line":59,"column":69}},"29":{"start":{"line":60,"column":17},"end":{"line":60,"column":63}},"30":{"start":{"line":61,"column":4},"end":{"line":61,"column":44}},"31":{"start":{"line":64,"column":2},"end":{"line":198,"column":4}},"32":{"start":{"line":80,"column":29},"end":{"line":80,"column":69}},"33":{"start":{"line":81,"column":30},"end":{"line":81,"column":55}},"34":{"start":{"line":82,"column":32},"end":{"line":82,"column":54}},"35":{"start":{"line":83,"column":12},"end":{"line":98,"column":14}},"36":{"start":{"line":140,"column":29},"end":{"line":140,"column":62}},"37":{"start":{"line":190,"column":49},"end":{"line":190,"column":68}}},"fnMap":{"0":{"name":"(anonymous_0)","decl":{"start":{"line":4,"column":24},"end":{"line":4,"column":25}},"loc":{"start":{"line":4,"column":33},"end":{"line":13,"column":1}},"line":4},"1":{"name":"(anonymous_1)","decl":{"start":{"line":15,"column":21},"end":{"line":15,"column":22}},"loc":{"start":{"line":15,"column":30},"end":{"line":18,"column":1}},"line":15},"2":{"name":"Modal","decl":{"start":{"line":20,"column":9},"end":{"line":20,"column":14}},"loc":{"start":{"line":27,"column":3},"end":{"line":199,"column":1}},"line":27},"3":{"name":"(anonymous_3)","decl":{"start":{"line":34,"column":12},"end":{"line":34,"column":13}},"loc":{"start":{"line":34,"column":18},"end":{"line":44,"column":3}},"line":34},"4":{"name":"(anonymous_4)","decl":{"start":{"line":58,"column":34},"end":{"line":58,"column":35}},"loc":{"start":{"line":58,"column":40},"end":{"line":62,"column":3}},"line":58},"5":{"name":"(anonymous_5)","decl":{"start":{"line":79,"column":32},"end":{"line":79,"column":33}},"loc":{"start":{"line":79,"column":46},"end":{"line":99,"column":11}},"line":79},"6":{"name":"(anonymous_6)","decl":{"start":{"line":140,"column":22},"end":{"line":140,"column":23}},"loc":{"start":{"line":140,"column":29},"end":{"line":140,"column":62}},"line":140},"7":{"name":"(anonymous_7)","decl":{"start":{"line":190,"column":43},"end":{"line":190,"column":44}},"loc":{"start":{"line":190,"column":49},"end":{"line":190,"column":68}},"line":190}},"branchMap":{"0":{"loc":{"start":{"line":5,"column":2},"end":{"line":5,"column":22}},"type":"if","locations":[{"start":{"line":5,"column":2},"end":{"line":5,"column":22}},{"start":{},"end":{}}],"line":5},"1":{"loc":{"start":{"line":9,"column":10},"end":{"line":9,"column":26}},"type":"binary-expr","locations":[{"start":{"line":9,"column":10},"end":{"line":9,"column":20}},{"start":{"line":9,"column":24},"end":{"line":9,"column":26}}],"line":9},"2":{"loc":{"start":{"line":16,"column":2},"end":{"line":16,"column":24}},"type":"if","locations":[{"start":{"line":16,"column":2},"end":{"line":16,"column":24}},{"start":{},"end":{}}],"line":16},"3":{"loc":{"start":{"line":17,"column":9},"end":{"line":17,"column":53}},"type":"cond-expr","locations":[{"start":{"line":17,"column":42},"end":{"line":17,"column":46}},{"start":{"line":17,"column":49},"end":{"line":17,"column":53}}],"line":17},"4":{"loc":{"start":{"line":35,"column":4},"end":{"line":43,"column":5}},"type":"if","locations":[{"start":{"line":35,"column":4},"end":{"line":43,"column":5}},{"start":{},"end":{}}],"line":35},"5":{"loc":{"start":{"line":36,"column":6},"end":{"line":42,"column":7}},"type":"if","locations":[{"start":{"line":36,"column":6},"end":{"line":42,"column":7}},{"start":{"line":40,"column":13},"end":{"line":42,"column":7}}],"line":36},"6":{"loc":{"start":{"line":36,"column":10},"end":{"line":36,"column":64}},"type":"binary-expr","locations":[{"start":{"line":36,"column":10},"end":{"line":36,"column":16}},{"start":{"line":36,"column":20},"end":{"line":36,"column":64}}],"line":36},"7":{"loc":{"start":{"line":39,"column":26},"end":{"line":39,"column":80}},"type":"binary-expr","locations":[{"start":{"line":39,"column":26},"end":{"line":39,"column":70}},{"start":{"line":39,"column":74},"end":{"line":39,"column":80}}],"line":39},"8":{"loc":{"start":{"line":46,"column":2},"end":{"line":46,"column":30}},"type":"if","locations":[{"start":{"line":46,"column":2},"end":{"line":46,"column":30}},{"start":{},"end":{}}],"line":46},"9":{"loc":{"start":{"line":48,"column":19},"end":{"line":50,"column":32}},"type":"cond-expr","locations":[{"start":{"line":49,"column":6},"end":{"line":49,"column":34}},{"start":{"line":50,"column":6},"end":{"line":50,"column":32}}],"line":48},"10":{"loc":{"start":{"line":51,"column":17},"end":{"line":55,"column":10}},"type":"cond-expr","locations":[{"start":{"line":52,"column":6},"end":{"line":52,"column":32}},{"start":{"line":53,"column":6},"end":{"line":55,"column":10}}],"line":51},"11":{"loc":{"start":{"line":53,"column":6},"end":{"line":55,"column":10}},"type":"cond-expr","locations":[{"start":{"line":54,"column":6},"end":{"line":54,"column":64}},{"start":{"line":55,"column":6},"end":{"line":55,"column":10}}],"line":53},"12":{"loc":{"start":{"line":59,"column":4},"end":{"line":59,"column":69}},"type":"if","locations":[{"start":{"line":59,"column":4},"end":{"line":59,"column":69}},{"start":{},"end":{}}],"line":59},"13":{"loc":{"start":{"line":59,"column":8},"end":{"line":59,"column":57}},"type":"binary-expr","locations":[{"start":{"line":59,"column":8},"end":{"line":59,"column":15}},{"start":{"line":59,"column":19},"end":{"line":59,"column":57}}],"line":59},"14":{"loc":{"start":{"line":67,"column":13},"end":{"line":67,"column":60}},"type":"cond-expr","locations":[{"start":{"line":67,"column":22},"end":{"line":67,"column":40}},{"start":{"line":67,"column":43},"end":{"line":67,"column":60}}],"line":67},"15":{"loc":{"start":{"line":74,"column":26},"end":{"line":74,"column":64}},"type":"cond-expr","locations":[{"start":{"line":74,"column":35},"end":{"line":74,"column":59}},{"start":{"line":74,"column":62},"end":{"line":74,"column":64}}],"line":74},"16":{"loc":{"start":{"line":80,"column":29},"end":{"line":80,"column":69}},"type":"cond-expr","locations":[{"start":{"line":80,"column":52},"end":{"line":80,"column":60}},{"start":{"line":80,"column":63},"end":{"line":80,"column":69}}],"line":80},"17":{"loc":{"start":{"line":85,"column":47},"end":{"line":85,"column":95}},"type":"cond-expr","locations":[{"start":{"line":85,"column":70},"end":{"line":85,"column":82}},{"start":{"line":85,"column":85},"end":{"line":85,"column":95}}
[...]
"column":17}},"38":{"start":{"line":97,"column":10},"end":{"line":99,"column":11}},"39":{"start":{"line":98,"column":12},"end":{"line":98,"column":32}},"40":{"start":{"line":102,"column":8},"end":{"line":102,"column":56}},"41":{"start":{"line":103,"column":8},"end":{"line":105,"column":9}},"42":{"start":{"line":104,"column":10},"end":{"line":104,"column":30}},"43":{"start":{"line":108,"column":6},"end":{"line":108,"column":58}},"44":{"start":{"line":109,"column":6},"end":{"line":111,"column":7}},"45":{"start":{"line":110,"column":8},"end":{"line":110,"column":28}},"46":{"start":{"line":116,"column":22},"end":{"line":136,"column":6}},"47":{"start":{"line":117,"column":4},"end":{"line":136,"column":6}},"48":{"start":{"line":118,"column":21},"end":{"line":118,"column":38}},"49":{"start":{"line":119,"column":21},"end":{"line":119,"column":41}},"50":{"start":{"line":120,"column":23},"end":{"line":120,"column":45}},"51":{"start":{"line":121,"column":6},"end":{"line":121,"column":46}},"52":{"start":{"line":122,"column":21},"end":{"line":122,"column":57}},"53":{"start":{"line":123,"column":19},"end":{"line":123,"column":44}},"54":{"start":{"line":124,"column":24},"end":{"line":124,"column":50}},"55":{"start":{"line":126,"column":6},"end":{"line":135,"column":8}},"56":{"start":{"line":131,"column":25},"end":{"line":131,"column":71}},"57":{"start":{"line":139,"column":29},"end":{"line":153,"column":6}},"58":{"start":{"line":140,"column":4},"end":{"line":153,"column":6}},"59":{"start":{"line":141,"column":28},"end":{"line":141,"column":76}},"60":{"start":{"line":142,"column":6},"end":{"line":152,"column":8}},"61":{"start":{"line":148,"column":25},"end":{"line":148,"column":56}},"62":{"start":{"line":156,"column":25},"end":{"line":159,"column":3}},"63":{"start":{"line":157,"column":4},"end":{"line":157,"column":23}},"64":{"start":{"line":158,"column":4},"end":{"line":158,"column":39}},"65":{"start":{"line":161,"column":26},"end":{"line":163,"column":3}},"66":{"start":{"line":162,"column":4},"end":{"line":162,"column":23}},"67":{"start":{"line":165,"column":21},"end":{"line":205,"column":3}},"68":{"start":{"line":166,"column":4},"end":{"line":166,"column":23}},"69":{"start":{"line":168,"column":19},"end":{"line":168,"column":55}},"70":{"start":{"line":169,"column":4},"end":{"line":169,"column":24}},"71":{"start":{"line":169,"column":17},"end":{"line":169,"column":24}},"72":{"start":{"line":171,"column":26},"end":{"line":171,"column":69}},"73":{"start":{"line":172,"column":20},"end":{"line":172,"column":81}},"74":{"start":{"line":173,"column":25},"end":{"line":173,"column":76}},"75":{"start":{"line":174,"column":18},"end":{"line":174,"column":47}},"76":{"start":{"line":175,"column":20},"end":{"line":175,"column":37}},"77":{"start":{"line":177,"column":17},"end":{"line":177,"column":74}},"78":{"start":{"line":177,"column":47},"end":{"line":177,"column":73}},"79":{"start":{"line":178,"column":4},"end":{"line":178,"column":22}},"80":{"start":{"line":178,"column":15},"end":{"line":178,"column":22}},"81":{"start":{"line":180,"column":21},"end":{"line":180,"column":86}},"82":{"start":{"line":183,"column":25},"end":{"line":183,"column":47}},"83":{"start":{"line":184,"column":4},"end":{"line":184,"column":48}},"84":{"start":{"line":187,"column":23},"end":{"line":187,"column":74}},"85":{"start":{"line":190,"column":31},"end":{"line":194,"column":5}},"86":{"start":{"line":196,"column":4},"end":{"line":201,"column":7}},"87":{"start":{"line":197,"column":22},"end":{"line":199,"column":7}},"88":{"start":{"line":198,"column":8},"end":{"line":198,"column":59}},"89":{"start":{"line":200,"column":6},"end":{"line":200,"column":21}},"90":{"start":{"line":204,"column":4},"end":{"line":204,"column":75}},"91":{"start":{"line":207,"column":2},"end":{"line":223,"column":4}}},"fnMap":{"0":{"name":"Timeline","decl":{"start":{"line":4,"column":9},"end":{"line":4,"column":17}},"loc":{"start":{"line":17,"column":3},"end":{"line":224,"column":1}},"line":17},"1":{"name":"(anonymous_1)","decl":{"start":{"line":21,"column":12},"end":{"line":21,"column":13}},"loc":{"start":{"line":21,"column":18},"end":{"line":23,"column":3}},"line":21},"2":{"name":"(anonymous_2)","decl":{"start":{"line":27,"column":4},"end":{"line":27,"column":5}},"loc":{"start":{"line":27,"column":10},"end":{"line":27,"column":79}},"line":27},"3":{"name":"(anonymous_3)","decl":{"start":{"line":27,"column":35},"end":{"line":27,"column":36}},"loc":{"start":{"line":27,"column":42},"end":{"line":27,"column":78}},"line":27},"4":{"name":"(anonymous_4)","decl":{"start":{"line":32,"column":12},"end":{"line":32,"column":13}},"loc":{"start":{"line":32,"column":18},"end":{"line":44,"column":3}},"line":32},"5":{"name":"(anonymous_5)","decl":{"start":{"line":34,"column":50},"end":{"line":34,"column":51}},"loc":{"start":{"line":35,"column":6},"end":{"line":35,"column":44}},"line":35},"6":{"name":"(anonymous_6)","decl":{"start":{"line":47,"column":40},"end":{"line":47,"column":41}},"loc":{"start":{"line":47,"column":105},"end":{"line":113,"column":3}},"line":47},"7":{"name":"(anonymous_7)","decl":{"start":{"line":55,"column":34},"end":{"line":55,"column":35}},"loc":{"start":{"line":55,"column":44},"end":{"line":64,"column":5}},"line":55},"8":{"name":"(anonymous_8)","decl":{"start":{"line":96,"column":19},"end":{"line":96,"column":20}},"loc":{"start":{"line":96,"column":25},"end":{"line":100,"column":9}},"line":96},"9":{"name":"(anonymous_9)","decl":{"start":{"line":116,"column":22},"end":{"line":116,"column":23}},"loc":{"start":{"line":117,"column":4},"end":{"line":136,"column":6}},"line":117},"10":{"name":"(anonymous_10)","decl":{"start":{"line":117,"column":31},"end":{"line":117,"column":32}},"loc":{"start":{"line":117,"column":41},"end":{"line":136,"column":5}},"line":117},"11":{"name":"(anonymous_11)","decl":{"start":{"line":131,"column":19},"end":{"line":131,"column":20}},"loc":{"start":{"line":131,"column":25},"end":{"line":131,"column":71}},"line":131},"12":{"name":"(anonymous_12)","decl":{"start":{"line":139,"column":29},"end":{"line":139,"column":30}},"loc":{"start":{"line":140,"column":4},"end":{"line":153,"column":6}},"line":140},"13":{"name":"(anonymous_13)","decl":{"start":{"line":140,"column":26},"end":{"line":140,"column":27}},"loc":{"start":{"line":140,"column":43},"end":{"line":153,"column":5}},"line":140},"14":{"name":"(anonymous_14)","decl":{"start":{"line":148,"column":19},"end":{"line":148,"column":20}},"loc":{"start":{"line":148,"column":25},"end":{"line":148,"column":56}},"line":148},"15":{"name":"(anonymous_15)","decl":{"start":{"line":156,"column":25},"end":{"line":156,"column":26}},"loc":{"start":{"line":156,"column":32},"end":{"line":159,"column":3}},"line":156},"16":{"name":"(anonymous_16)","decl":{"start":{"line":161,"column":26},"end":{"line":161,"column":27}},"loc":{"start":{"line":161,"column":33},"end":{"line":163,"column":3}},"line":161},"17":{"name":"(anonymous_17)","decl":{"start":{"line":165,"column":21},"end":{"line":165,"column":22}},"loc":{"start":{"line":165,"column":34},"end":{"line":205,"column":3}},"line":165},"18":{"name":"(anonymous_18)","decl":{"start":{"line":177,"column":40},"end":{"line":177,"column":41}},"loc":{"start":{"line":177,"column":47},"end":{"line":177,"column":73}},"line":177},"19":{"name":"(anonymous_19)","decl":{"start":{"line":196,"column":25},"end":{"line":196,"column":26}},"loc":{"start":{"line":196,"column":35},"end":{"line":201,"column":5}},"line":196},"20":{"name":"(anonymous_20)","decl":{"start":{"line":197,"column":31},"end":{"line":197,"column":32}},"loc":{"start":{"line":198,"column":8},"end":{"line":198,"column":59}},"line":198}},"branchMap":{"0":{"loc":{"start":{"line":11,"column":2},"end":{"line":11,"column":17}},"type":"default-arg","locations":[{"start":{"line":11,"column":15},"end":{"line":11,"column":17}}],"line":11},"1":{"loc":{"start":{"line":16,"column":2},"end":{"line":16,"column":30}},"type":"default-arg","locations":[{"start":{"line":16,"column":28},"end":{"line":16,"column":30}}],"line":16},"2":{"loc":{"start":{"line":33,"column":4},"end":{"line":33,"column":77}},"type":"if","locations":[{"start":{"line":33,"column":4},"end":{"line":33,"column":77}},{"start":{},"end":{}}],"line":33},"3":{"loc":{"start":{"line":33,"column":8},"end":{"line":33,"column":68}},"type":"binary-expr","locations":[{"start":{"line":33,"column":8},"end":{"line":33,"column":28}},{"start":{"line":33,"column":32},"end":{"line":33,"column":68}}],"line":33},"4":{"loc":{"start":{"line":37,"column":4},"end":{"line":37,"column":32}},"type":"if","locations":[{"start":{"line":37,"column":4},"end":{"line":37,"column":32}},{"start":{},"end":{}}],"line":37},"5":{"loc":{"start":{"line":49,"column":4},"end":{"line":52,"column":5}},"type":"if","locations":[{"start":{"line":49,"column":4},"end":{"line":52,"column":5}},{"start":{},"end":{}}],"line":49},"6":{"loc":{"start":{"line":71,"column":13},"end":{"line":71,"column":59}},"type":"binary-expr","locations":[{"start":{"line":71,"column":13},"end":{"line":71,"column":31}},{"start":{"line":71,"column":35},"end":{"line":71,"column":53}},{"start":{"line":71,"column":57},"end":{"line":71,"column":59}}],"line":71},"7":{"loc":{"start":{"line":74,"column":19},"end":{"line":74,"column":77}},"type":"binary-expr","locations":[{"start":{"line":74,"column":19},"end":{"line":74,"column":43}},{"start":{"line":74,"column":47},"end":{"line":74,"column":71}},{"start":{"line":74,"column":75},"end":{"line":74,"column":77}}],"line":74},"8":{"loc":{"start":{"line":75,"column":16},"end":{"line":75,"column":68}},"type":"binary-expr","locations":[{"start":{"line":75,"column":16},"end":{"line":75,"column":37}},{"start":{"line":75,"column":41},"end":{"line":75,"column":62}},{"start":{"line":75,"column":66},"end":{"line":75,"column":68}}],"line":75},"9":{"loc":{"start":{"line":76,"column":12},"end":{"line":76,"column":56}},"type":"binary-expr","locations":[{"start":{"line":76,"column":12},"end":{"line":76,"column":29}},{"start":{"line":76,"column":33},"end":{"line":76,"column":50}},{"start":{"line":76,"column":54},"end":{"line":76,"column":56}}],"line":76},"10":{"loc":{"start":{"line":77,"column":17},"end":{"line":77,"column":78}},"type":"binary-expr","locations":[{"start":{"line":77,"column":17},"end":{"line":77,"column":39}},{"start":{"line":77,"column":43},"end":{"line":77,"column":65}},{"start":{"line":77,"column":69},"end":{"line":77,"column":78}}],"line":77},"11":{"loc":{"start":{"line":78,"column":18},"end":{"line":78,"column":73}},"type":"binary-expr","locations":[{"start":{"line":78,"column":18},"end":{"line":78,"column":41}},{"start":{"line":78,"column":45},"end":{"line":78,"column":68}},{"start":{"line":78,"column":72},"end":{"line":78,"column":73}}],"line":78},"12":{"loc":{"start":{"line":79,"column":26},"end":{"line":79,"column":100}},"type":"binary-expr","locations":[{"start":{"line":79,"column":26},"end":{"line":79,"column":57}},{"start":{"line":79,"column":61},"end":{"line":79,"column":92}},{"start":{"line":79,"column":96},"end":{"line":79,"column":100}}],"line":79},"13":{"loc":{"start":{"line":80,"column":25},"end":{"line":80,"column":97}},"type":"binary-expr","locations":[{"start":{"line":80,"column":25},"end":{"line":80,"column":55}},{"start":{"line":80,"column":59},"end":{"line":80,"column":89}},{"start":{"line":80,"column":93},"end":{"line":80,"column":97}}],"line":80},"14":{"loc":{"start":{"line":81,"column":14},"end":{"line":81,"column":64}},"type":"binary-expr","locations":[{"start":{"line":81,"column":14},"end":{"line":81,"column":33}},{"start":{"line":81,"column":37},"end":{"line":81,"column":56}},{"start":{"line":81,"column":60},"end":{"line":81,"column":64}}],"line":81},"15":{"loc":{"start":{"line":94,"column":6},"end":{"line":106,"column":7}},"type":"if","locations":[{"start":{"line":94,"column":6},"end":{"line":106,"column":7}},{"start":{"line":101,"column":13},"end":{"line":106,"column":7}}],"line":94},"16":{"loc":{"start":{"line":97,"column":10},"end":{"line":99,"column":11}},"type":"if","locations":[{"start":{"line":97,"column":10},"end":{"line":99,"column":11}},{"start":{},"end":{}}],"line":97},"17":{"loc":{"start":{"line":103,"column":8},"end":{"line":105,"column":9}},"type":"if","locations":[{"start":{"line":103,"column":8},"end":{"line":105,"column":9}},{"start":{},"end":{}}],"line":103},"18":{"loc":{"start":{"line":109,"column":6},"end":{"line":111,"column":7}},"type":"if","locations":[{"start":{"line":109,"column":6},"end":{"line":111,"column":7}},{"start":{},"end":{}}],"line":109},"19":{"loc":{"start":{"line":119,"column":21},"end":{"line":119,"column":41}},"type":"cond-expr","locations":[{"start":{"line":119,"column":35},"end":{"line":119,"column":36}},{"start":{"line":119,"column":39},"end":{"line":119,"column":41}}],"line":119},"20":{"loc":{"start":{"line":122,"column":21},"end":{"line":122,"column":57}},"type":"cond-expr","locations":[{"start":{"line":122,"column":41},"end":{"line":122,"column":43}},{"start":{"line":122,"column":46},"end":{"line":122,"column":57}}],"line":122},"21":{"loc":{"start":{"line":123,"column":19},"end":{"line":123,"column":44}},"type":"cond-expr","locations":[{"start":{"line":123,"column":33},"end":{"line":123,"column":37}},{"start":{"line":123,"column":40},"end":{"line":123,"column":44}}],"line":123},"22":{"loc":{"start":{"line":124,"column":24},"end":{"line":124,"column":50}},"type":"cond-expr","locations":[{"start":{"line":124,"column":39},"end":{"line":124,"column":43}},{"start":{"line":124,"column":46},"end":{"line":124,"column":50}}],"line":124},"23":{"loc":{"start":{"line":131,"column":25},"end":{"line":131,"column":71}},"type":"binary-expr","locations":[{"start":{"line":131,"column":25},"end":{"line":131,"column":41}},{"start":{"line":131,"column":45},"end":{"line":131,"column":71}}],"line":131},"24":{"loc":{"start":{"line":149,"column":21},"end":{"line":149,"column":53}},"type":"cond-expr","locations":[{"start":{"line":149,"column":37},"end":{"line":149,"column":48}},{"start":{"line":149,"column":51},"end":{"line":149,"column":53}}],"line":149},"25":{"loc":{"start":{"line":169,"column":4},"end":{"line":169,"column":24}},"type":"if","locations":[{"start":{"line":169,"column":4},"end":{"line":169,"column":24}},{"start":{},"end":{}}],"line":169},"26":{"loc":{"start":{"line":178,"column":4},"end":{"line":178,"column":22}},"type":"if","locations":[{"start":{"line":178,"column":4},"end":{"line":178,"column":22}},{"start":{},"end":{}}],"line":178},"27":{"loc":{"start":{"line":198,"column":8},"end":{"line":198,"column":59}},"type":"cond-expr","locations":[{"start":{"line":198,"column":37},"end":{"line":198,"column":55}},{"start":{"line":198,"column":58},"end":{"line":198,"column":59}}],"line":198},"28":{"loc":{"start":{"line":219,"column":11},"end":{"line":219,"column":82}},"type":"binary-expr","locations":[{"start":{"line":219,"column":11},"end":{"line":219,"column":20}},{"start":{"line":219,"column":24},"end":{"line":219,"column":82}}],"line":219}},"s":{"0":95,"1":95,"2":95,"3":56,"4":95,"5":70,"6":282,"7":95,"8":70,"9":68,"10":2,"11":4,"12":2,"13":1,"14":1,"15":1,"16":1,"17":95,"18":14,"19":14,"20":2,"21":2,"22":12,"23":24,"24":24,"25":24,"26":24,"27":24,"28":24,"29":24,"30":12,"31":12,"32":12,"33":12,"34":12,"35":10,"36":7,"37":7,"38":5,"39":4,"40":3,"41":3,"42":2,"43":2,"44":2,"45":1,"46":95,"47":95,"48":4560,"49":4560,"50":4560,"51":4560,"52":4560,"53":4560,"54":4560,"55":4560,"56":1,"57":95,"58":95,"59":214,"60":214,"61":1,"62":95,"63":1,"64":1,"65":95,"66":1,"67":95,"68":16,"69":16,"70":16,"71":1,"72":15,"73":15,"74":15,"75":15,"76":15,"77":15,"78":16,"79":15,"80":1,"81":14,"82":14,"83":14,"84":14,"85":14,"86":14,"87":14,"88":36,"89":14,"90":14,"91":95},"f":{"0":95,"1":56,"2":70,"3":282,"4":70,"5":4,"6":14,"7":24,"8":5,"9":95,"10":4560,"11":1,"12":95,"13":214,"14":1,"15":1,"16":1,"17":16,"18":16,"19":14,"20":36},"b":{"0":[0],"1":[0],"2":[68,2],"3":[70,70],"4":[1,1],"5":[2,12],"6":[12,2,0],"7":[12,2,0],"8":[12,1,0],"9":[12,2,0],"10":[12,1,0],"11":[12,11,9],"12":[12,10,9],"13":[12,11,9],"14":[12,2,0],"15":[7,3],"16":[4,1],"17":[2,1],"18":[1,1],"19":[2280,2280],"20":[380,4180],"21":[2280,2280],"22":[2280,2280],"23":[1,1],"24":[1,213],"25":[1,15],"26":[1,14],"27":[14,22],"28":[95,2]},"_coverageSchema":"1a1c01bbd47fc00a2c39e90264f33305004495a9","hash":"22f9e7cb03fdbff53a71ca69bf7c83277b7b3599"}
,"C:\\Users\\dhanshrepriya.p_disp\\calendar\\react-app-template\\src\\components\\WeekView.js": {"path":"C:\\Users\\dhanshrepriya.p_disp\\calendar\\react-app-template\\src\\components\\WeekView.js","statementMap":{"0":{"start":{"line":6,"column":22},"end":{"line":6,"column":44}},"1":{"start":{"line":9,"column":22},"end":{"line":9,"column":43}},"2":{"start":{"line":10,"column":2},"end":{"line":10,"column":68}},"3":{"start":{"line":13,"column":15},"end":{"line":17,"column":4}},"4":{"start":{"line":14,"column":14},"end":{"line":14,"column":35}},"5":{"start":{"line":15,"column":4},"end":{"line":15,"column":41}},"6":{"start":{"line":16,"column":4},"end":{"line":16,"column":13}},"7":{"start":{"line":20,"column":28},"end":{"line":31,"column":26}},"8":{"start":{"line":21,"column":4},"end":{"line":30,"column":6}},"9":{"start":{"line":22,"column":6},"end":{"line":29,"column":8}},"10":{"start":{"line":23,"column":25},"end":{"line":23,"column":46}},"11":{"start":{"line":24,"column":8},"end":{"line":28,"column":10}},"12":{"start":{"line":33,"column":2},"end":{"line":63,"column":4}},"13":{"start":{"line":37,"column":10},"end":{"line":59,"column":16}},"14":{"start":{"line":50,"column":18},"end":{"line":55,"column":20}},"15":{"start":{"line":53,"column":35},"end":{"line":53,"column":59}}},"fnMap":{"0":{"name":"WeekView","decl":{"start":{"line":4,"column":9},"end":{"line":4,"column":17}},"loc":{"start":{"line":4,"column":81},"end":{"line":64,"column":1}},"line":4},"1":{"name":"(anonymous_1)","decl":{"start":{"line":13,"column":41},"end":{"line":13,"column":42}},"loc":{"start":{"line":13,"column":51},"end":{"line":17,"column":3}},"line":13},"2":{"name":"(anonymous_2)","decl":{"start":{"line":20,"column":36},"end":{"line":20,"column":37}},"loc":{"start":{"line":20,"column":42},"end":{"line":31,"column":3}},"line":20},"3":{"name":"(anonymous_3)","decl":{"start":{"line":21,"column":20},"end":{"line":21,"column":21}},"loc":{"start":{"line":22,"column":6},"end":{"line":29,"column":8}},"line":22},"4":{"name":"(anonymous_4)","decl":{"start":{"line":22,"column":26},"end":{"line":22,"column":27}},"loc":{"start":{"line":22,"column":33},"end":{"line":29,"column":7}},"line":22},"5":{"name":"(anonymous_5)","decl":{"start":{"line":36,"column":18},"end":{"line":36,"column":19}},"loc":{"start":{"line":37,"column":10},"end":{"line":59,"column":16}},"line":37},"6":{"name":"(anonymous_6)","decl":{"start":{"line":49,"column":43},"end":{"line":49,"column":44}},"loc":{"start":{"line":50,"column":18},"end":{"line":55,"column":20}},"line":50},"7":{"name":"(anonymous_7)","decl":{"start":{"line":53,"column":29},"end":{"line":53,"column":30}},"loc":{"start":{"line":53,"column":35},"end":{"line":53,"column":59}},"line":53}},"branchMap":{"0":{"loc":{"start":{"line":25,"column":10},"end":{"line":27,"column":54}},"type":"binary-expr","locations":[{"start":{"line":25,"column":10},"end":{"line":25,"column":46}},{"start":{"line":26,"column":10},"end":{"line":26,"column":48}},{"start":{"line":27,"column":10},"end":{"line":27,"column":54}}],"line":25},"1":{"loc":{"start":{"line":46,"column":15},"end":{"line":57,"column":15}},"type":"cond-expr","locations":[{"start":{"line":47,"column":16},"end":{"line":47,"column":61}},{"start":{"line":49,"column":16},"end":{"line":56,"column":18}}],"line":46}},"s":{"0":31,"1":31,"2":31,"3":31,"4":217,"5":217,"6":217,"7":31,"8":31,"9":217,"10":511,"11":511,"12":31,"13":217,"14":71,"15":3},"f":{"0":31,"1":217,"2":31,"3":217,"4":511,"5":217,"6":71,"7":3},"b":{"0":[511,71,71],"1":[162,55]},"_coverageSchema":"1a1c01bbd47fc00a2c39e90264f33305004495a9","hash":"0dabbb5db1eb884fdfc83a170b8b7c2dc1e5581a"}
}
