TN:
SF:src\App.js
FN:14,App
FN:28,(anonymous_1)
FN:39,(anonymous_2)
FN:40,(anonymous_3)
FN:57,(anonymous_4)
FN:61,(anonymous_5)
FN:71,(anonymous_6)
FN:81,(anonymous_7)
FN:90,(anonymous_8)
FN:91,(anonymous_9)
FN:147,(anonymous_10)
FN:159,(anonymous_11)
FN:160,(anonymous_12)
FN:177,(anonymous_13)
FN:181,(anonymous_14)
FN:186,(anonymous_15)
FN:189,(anonymous_16)
FN:196,(anonymous_17)
FN:204,(anonymous_18)
FN:212,(anonymous_19)
FN:226,(anonymous_20)
FN:230,(anonymous_21)
FN:253,(anonymous_22)
FN:272,(anonymous_23)
FN:332,(anonymous_24)
FN:360,(anonymous_25)
FN:364,(anonymous_26)
FN:383,(anonymous_27)
FN:399,(anonymous_28)
FN:403,(anonymous_29)
FN:404,(anonymous_30)
FN:414,(anonymous_31)
FN:430,(anonymous_32)
FN:441,(anonymous_33)
FN:449,(anonymous_34)
FN:454,(anonymous_35)
FN:471,(anonymous_36)
FN:484,(anonymous_37)
FN:518,(anonymous_38)
FN:519,(anonymous_39)
FN:532,(anonymous_40)
FN:548,(anonymous_41)
FN:573,(anonymous_42)
FN:594,(anonymous_43)
FNF:44
FNH:40
FNDA:513,App
FNDA:117,(anonymous_1)
FNDA:228,(anonymous_2)
FNDA:350,(anonymous_3)
FNDA:228,(anonymous_4)
FNDA:372,(anonymous_5)
FNDA:372,(anonymous_6)
FNDA:2324,(anonymous_7)
FNDA:117,(anonymous_8)
FNDA:117,(anonymous_9)
FNDA:6,(anonymous_10)
FNDA:117,(anonymous_11)
FNDA:9,(anonymous_12)
FNDA:117,(anonymous_13)
FNDA:122,(anonymous_14)
FNDA:5,(anonymous_15)
FNDA:40,(anonymous_16)
FNDA:0,(anonymous_17)
FNDA:0,(anonymous_18)
FNDA:0,(anonymous_19)
FNDA:372,(anonymous_20)
FNDA:19,(anonymous_21)
FNDA:0,(anonymous_22)
FNDA:20,(anonymous_23)
FNDA:7,(anonymous_24)
FNDA:228,(anonymous_25)
FNDA:106,(anonymous_26)
FNDA:104,(anonymous_27)
FNDA:106,(anonymous_28)
FNDA:228,(anonymous_29)
FNDA:230,(anonymous_30)
FNDA:228,(anonymous_31)
FNDA:2,(anonymous_32)
FNDA:372,(anonymous_33)
FNDA:8,(anonymous_34)
FNDA:23,(anonymous_35)
FNDA:1,(anonymous_36)
FNDA:1,(anonymous_37)
FNDA:2,(anonymous_38)
FNDA:1,(anonymous_39)
FNDA:1,(anonymous_40)
FNDA:8,(anonymous_41)
FNDA:5,(anonymous_42)
FNDA:1,(anonymous_43)
DA:15,513
DA:16,512
DA:17,512
DA:18,512
DA:19,512
DA:20,512
DA:21,512
DA:22,512
DA:23,512
DA:24,512
DA:25,512
DA:26,512
DA:27,512
DA:28,512
DA:29,512
DA:31,512
DA:39,512
DA:40,228
DA:41,350
DA:43,152
DA:44,152
DA:45,152
DA:47,198
DA:52,228
DA:55,228
DA:57,228
DA:61,512
DA:62,372
DA:71,512
DA:72,372
DA:74,332
DA:75,332
DA:80,332
DA:81,2324
DA:82,332
DA:84,0
DA:85,0
DA:90,512
DA:91,117
DA:92,117
DA:93,117
DA:95,117
DA:96,7
DA:97,7
DA:100,110
DA:101,110
DA:102,98
DA:103,97
DA:104,97
DA:105,97
DA:106,97
DA:107,97
DA:110,12
DA:112,9
DA:113,9
DA:114,2
DA:115,2
DA:116,2
DA:117,2
DA:118,2
DA:121,7
DA:122,7
DA:130,7
DA:131,7
DA:132,7
DA:135,4
DA:136,4
DA:137,4
DA:139,110
DA:143,117
DA:147,512
DA:148,6
DA:149,5
DA:150,5
DA:151,5
DA:152,5
DA:153,5
DA:154,5
DA:159,512
DA:160,117
DA:161,9
DA:162,4
DA:163,4
DA:164,4
DA:165,4
DA:167,9
DA:168,3
DA:169,1
DA:170,1
DA:171,1
DA:172,0
DA:176,117
DA:177,117
DA:181,512
DA:182,122
DA:183,122
DA:186,512
DA:189,512
DA:190,40
DA:191,40
DA:192,40
DA:193,40
DA:196,512
DA:198,0
DA:199,0
DA:200,0
DA:204,512
DA:205,0
DA:206,0
DA:207,0
DA:208,0
DA:209,0
DA:212,512
DA:213,0
DA:214,0
DA:215,0
DA:218,0
DA:219,0
DA:220,0
DA:222,0
DA:226,512
DA:227,372
DA:230,512
DA:231,19
DA:232,19
DA:234,19
DA:235,19
DA:239,18
DA:240,0
DA:241,0
DA:242,0
DA:243,0
DA:245,0
DA:248,18
DA:251,18
DA:253,18
DA:260,18
DA:261,18
DA:263,18
DA:265,1
DA:266,1
DA:272,512
DA:273,20
DA:274,20
DA:275,20
DA:277,20
DA:278,20
DA:279,20
DA:280,20
DA:282,20
DA:283,20
DA:284,20
DA:285,20
DA:286,20
DA:288,20
DA:301,20
DA:302,20
DA:305,20
DA:307,20
DA:313,20
DA:314,3
DA:315,1
DA:316,1
DA:318,2
DA:319,2
DA:322,17
DA:323,17
DA:324,17
DA:325,17
DA:327,2
DA:332,512
DA:333,7
DA:334,5
DA:335,5
DA:337,4
DA:338,4
DA:343,4
DA:344,2
DA:345,1
DA:346,1
DA:348,1
DA:351,2
DA:352,2
DA:353,2
DA:355,1
DA:360,512
DA:361,228
DA:362,106
DA:364,106
DA:365,106
DA:366,106
DA:368,104
DA:369,104
DA:373,101
DA:374,2
DA:375,1
DA:376,1
DA:377,1
DA:379,1
DA:382,99
DA:383,104
DA:389,99
DA:391,3
DA:392,3
DA:393,3
DA:398,106
DA:399,106
DA:403,512
DA:404,228
DA:405,230
DA:406,91
DA:407,91
DA:408,91
DA:409,91
DA:412,228
DA:413,228
DA:414,228
DA:418,512
DA:419,117
DA:427,395
DA:428,23
DA:431,2
DA:432,2
DA:433,2
DA:434,2
DA:441,372
DA:442,372
DA:443,355
DA:450,8
DA:451,8
DA:452,8
DA:455,23
DA:456,23
DA:457,23
DA:466,17
DA:467,9
DA:472,1
DA:473,1
DA:474,1
DA:478,8
DA:479,8
DA:485,1
DA:486,1
DA:487,1
DA:494,372
DA:519,2
DA:520,2
DA:523,2
DA:524,1
DA:525,1
DA:528,1
DA:529,1
DA:532,1
DA:533,1
DA:534,1
DA:535,1
DA:536,0
DA:548,8
DA:574,5
DA:575,5
DA:576,5
DA:577,5
DA:578,5
DA:579,5
DA:580,5
DA:594,1
LF:266
LH:242
BRDA:28,0,0,117
BRDA:28,0,1,4
BRDA:41,1,0,152
BRDA:41,1,1,198
BRDA:72,2,0,40
BRDA:72,2,1,332
BRDA:82,3,0,332
BRDA:82,3,1,0
BRDA:95,4,0,7
BRDA:95,4,1,110
BRDA:101,5,0,98
BRDA:101,5,1,12
BRDA:113,6,0,2
BRDA:113,6,1,7
BRDA:123,7,0,7
BRDA:123,7,1,4
BRDA:123,7,2,1
BRDA:148,8,0,5
BRDA:148,8,1,1
BRDA:161,9,0,4
BRDA:161,9,1,5
BRDA:161,10,0,9
BRDA:161,10,1,7
BRDA:167,11,0,3
BRDA:167,11,1,6
BRDA:167,12,0,9
BRDA:167,12,1,4
BRDA:168,13,0,1
BRDA:168,13,1,1
BRDA:168,13,2,1
BRDA:168,13,3,0
BRDA:186,14,0,3
BRDA:186,14,1,2
BRDA:191,15,0,1
BRDA:191,15,1,39
BRDA:191,16,0,40
BRDA:191,16,1,2
BRDA:192,17,0,1
BRDA:192,17,1,39
BRDA:192,18,0,40
BRDA:192,18,1,38
BRDA:196,19,0,0
BRDA:198,20,0,0
BRDA:198,20,1,0
BRDA:205,21,0,0
BRDA:205,21,1,0
BRDA:213,22,0,0
BRDA:213,22,1,0
BRDA:214,23,0,0
BRDA:214,23,1,0
BRDA:215,24,0,0
BRDA:215,24,1,0
BRDA:220,25,0,0
BRDA:220,25,1,0
BRDA:222,26,0,0
BRDA:222,26,1,0
BRDA:232,27,0,0
BRDA:232,27,1,19
BRDA:232,28,0,19
BRDA:232,28,1,19
BRDA:239,29,0,0
BRDA:239,29,1,18
BRDA:240,30,0,0
BRDA:240,30,1,0
BRDA:275,31,0,0
BRDA:275,31,1,20
BRDA:275,32,0,20
BRDA:275,32,1,20
BRDA:284,33,0,20
BRDA:284,33,1,0
BRDA:292,34,0,20
BRDA:292,34,1,1
BRDA:293,35,0,20
BRDA:293,35,1,1
BRDA:294,36,0,20
BRDA:294,36,1,1
BRDA:295,37,0,20
BRDA:295,37,1,0
BRDA:295,38,0,0
BRDA:295,38,1,0
BRDA:296,39,0,20
BRDA:296,39,1,18
BRDA:297,40,0,18
BRDA:297,40,1,2
BRDA:298,41,0,18
BRDA:298,41,1,2
BRDA:302,42,0,3
BRDA:302,42,1,17
BRDA:305,43,0,3
BRDA:305,43,1,17
BRDA:313,44,0,3
BRDA:313,44,1,17
BRDA:314,45,0,1
BRDA:314,45,1,2
BRDA:319,46,0,2
BRDA:319,46,1,0
BRDA:333,47,0,2
BRDA:333,47,1,5
BRDA:335,48,0,1
BRDA:335,48,1,4
BRDA:343,49,0,2
BRDA:343,49,1,2
BRDA:344,50,0,1
BRDA:344,50,1,1
BRDA:361,51,0,122
BRDA:361,51,1,106
BRDA:366,52,0,2
BRDA:366,52,1,104
BRDA:373,53,0,2
BRDA:373,53,1,99
BRDA:374,54,0,1
BRDA:374,54,1,1
BRDA:389,55,0,97
BRDA:389,55,1,2
BRDA:391,56,0,3
BRDA:391,56,1,0
BRDA:405,57,0,139
BRDA:405,57,1,91
BRDA:418,58,0,117
BRDA:418,58,1,395
BRDA:427,59,0,23
BRDA:427,59,1,372
BRDA:431,60,0,2
BRDA:431,60,1,0
BRDA:442,61,0,355
BRDA:442,61,1,17
BRDA:466,62,0,9
BRDA:466,62,1,8
BRDA:478,63,0,8
BRDA:478,63,1,0
BRDA:518,64,0,0
BRDA:523,65,0,1
BRDA:523,65,1,1
BRDA:523,66,0,2
BRDA:523,66,1,1
BRDA:528,67,0,1
BRDA:528,67,1,0
BRDA:535,68,0,0
BRDA:535,68,1,1
BRDA:541,69,0,1
BRDA:541,69,1,0
BRDA:559,70,0,366
BRDA:559,70,1,6
BRDA:576,71,0,2
BRDA:576,71,1,3
BRF:145
BRH:111
end_of_record
TN:
SF:src\components\AppointmentBlock.js
FN:3,AppointmentBlock
FN:11,(anonymous_1)
FN:22,(anonymous_2)
FN:27,(anonymous_3)
FN:32,(anonymous_4)
FN:37,(anonymous_5)
FN:60,(anonymous_6)
FNF:7
FNH:7
FNDA:144,AppointmentBlock
FNDA:143,(anonymous_1)
FNDA:2,(anonymous_2)
FNDA:1,(anonymous_3)
FNDA:1,(anonymous_4)
FNDA:3,(anonymous_5)
FNDA:3,(anonymous_6)
DA:4,144
DA:5,144
DA:6,144
DA:7,144
DA:8,144
DA:9,144
DA:11,144
DA:12,143
DA:13,143
DA:14,143
DA:15,143
DA:16,4
DA:17,3
DA:20,144
DA:22,144
DA:23,2
DA:24,2
DA:27,2
DA:28,1
DA:32,144
DA:34,1
DA:37,144
DA:39,3
DA:40,2
DA:43,144
DA:60,3
LF:26
LH:26
BRDA:3,0,0,0
BRDA:3,1,0,0
BRDA:3,2,0,0
BRDA:15,3,0,139
BRDA:15,3,1,4
BRDA:16,4,0,1
BRDA:16,4,1,3
BRDA:16,5,0,4
BRDA:16,5,1,3
BRDA:20,6,0,144
BRDA:20,6,1,143
BRDA:39,7,0,1
BRDA:39,7,1,2
BRDA:40,8,0,1
BRDA:40,8,1,1
BRDA:48,9,0,2
BRDA:48,9,1,142
BRDA:53,10,0,144
BRDA:53,10,1,142
BRDA:53,10,2,1
BRDA:60,11,0,1
BRDA:60,11,1,2
BRF:22
BRH:19
end_of_record
TN:
SF:src\components\DateNav.js
FN:4,DateNav
FN:7,(anonymous_1)
FN:13,(anonymous_2)
FN:20,(anonymous_3)
FN:28,(anonymous_4)
FN:32,(anonymous_5)
FN:42,(anonymous_6)
FN:63,(anonymous_7)
FNF:8
FNH:8
FNDA:76,DateNav
FNDA:46,(anonymous_1)
FNDA:7,(anonymous_2)
FNDA:13,(anonymous_3)
FNDA:11,(anonymous_4)
FNDA:8,(anonymous_5)
FNDA:19,(anonymous_6)
FNDA:1,(anonymous_7)
DA:5,76
DA:7,76
DA:8,46
DA:9,46
DA:10,46
DA:13,76
DA:14,7
DA:15,7
DA:16,7
DA:20,76
DA:21,13
DA:22,13
DA:23,13
DA:24,13
DA:28,76
DA:29,11
DA:32,76
DA:33,8
DA:34,1
DA:35,7
DA:36,4
DA:38,3
DA:42,76
DA:43,19
DA:44,1
DA:45,18
DA:46,3
DA:48,15
DA:52,76
DA:63,1
LF:30
LH:30
BRDA:33,0,0,1
BRDA:33,0,1,7
BRDA:35,1,0,4
BRDA:35,1,1,3
BRDA:43,2,0,1
BRDA:43,2,1,18
BRDA:45,3,0,3
BRDA:45,3,1,15
BRDA:57,4,0,52
BRDA:57,4,1,24
BRDA:67,5,0,13
BRDA:67,5,1,11
BRDA:69,6,0,11
BRDA:69,6,1,0
BRF:14
BRH:13
end_of_record
TN:
SF:src\components\ErrorModal.js
FN:3,ErrorModal
FNF:1
FNH:1
FNDA:165,ErrorModal
DA:4,165
DA:6,150
LF:2
LH:2
BRDA:4,0,0,15
BRDA:4,0,1,150
BRF:2
BRH:2
end_of_record
TN:
SF:src\components\Login.js
FN:3,Login
FN:14,(anonymous_1)
FN:79,(anonymous_2)
FN:86,(anonymous_3)
FN:97,(anonymous_4)
FN:104,(anonymous_5)
FN:109,(anonymous_6)
FN:111,(anonymous_7)
FN:130,(anonymous_8)
FN:144,(anonymous_9)
FNF:10
FNH:10
FNDA:46,Login
FNDA:6,(anonymous_1)
FNDA:7,(anonymous_2)
FNDA:7,(anonymous_3)
FNDA:3,(anonymous_4)
FNDA:2,(anonymous_5)
FNDA:1,(anonymous_6)
FNDA:90,(anonymous_7)
FNDA:1,(anonymous_8)
FNDA:7,(anonymous_9)
DA:4,46
DA:5,46
DA:6,46
DA:7,46
DA:8,46
DA:11,46
DA:12,46
DA:14,46
DA:15,6
DA:16,6
DA:17,6
DA:20,6
DA:24,6
DA:30,5
DA:31,3
DA:32,3
DA:33,3
DA:36,2
DA:38,2
DA:39,1
DA:40,1
DA:41,1
DA:42,1
DA:43,1
DA:44,1
DA:45,1
DA:46,1
DA:47,1
DA:51,1
DA:52,1
DA:56,1
DA:65,1
DA:66,1
DA:70,46
DA:79,7
DA:86,7
DA:97,3
DA:104,2
DA:109,1
DA:112,90
DA:131,1
DA:132,1
DA:145,7
DA:146,7
LF:44
LH:44
BRDA:17,0,0,2
BRDA:17,0,1,4
BRDA:20,1,0,2
BRDA:20,1,1,4
BRDA:30,2,0,3
BRDA:30,2,1,2
BRDA:32,3,0,3
BRDA:32,3,1,1
BRDA:38,4,0,1
BRDA:38,4,1,1
BRDA:51,5,0,1
BRDA:51,5,1,0
BRDA:51,6,0,1
BRDA:51,6,1,1
BRDA:74,7,0,18
BRDA:74,7,1,28
BRDA:90,8,0,46
BRDA:90,8,1,18
BRDA:120,9,0,18
BRDA:120,9,1,28
BRDA:122,10,0,46
BRDA:122,10,1,4
BRDA:124,11,0,18
BRDA:124,11,1,28
BRF:24
BRH:23
end_of_record
TN:
SF:src\components\Modal.js
FN:4,(anonymous_0)
FN:15,(anonymous_1)
FN:20,Modal
FN:34,(anonymous_3)
FN:58,(anonymous_4)
FN:79,(anonymous_5)
FN:140,(anonymous_6)
FN:190,(anonymous_7)
FNF:8
FNH:8
FNDA:94,(anonymous_0)
FNDA:94,(anonymous_1)
FNDA:49,Modal
FNDA:31,(anonymous_3)
FNDA:17,(anonymous_4)
FNDA:94,(anonymous_5)
FNDA:10,(anonymous_6)
FNDA:1,(anonymous_7)
DA:4,1
DA:5,94
DA:6,26
DA:7,26
DA:8,26
DA:9,26
DA:10,26
DA:11,26
DA:12,26
DA:15,1
DA:16,94
DA:17,26
DA:28,49
DA:31,49
DA:34,49
DA:35,31
DA:36,29
DA:38,10
DA:39,10
DA:41,19
DA:46,49
DA:48,47
DA:51,47
DA:58,47
DA:59,17
DA:60,2
DA:61,2
DA:64,47
DA:80,94
DA:81,94
DA:82,94
DA:83,94
DA:140,10
DA:190,1
LF:34
LH:34
BRDA:5,0,0,68
BRDA:5,0,1,26
BRDA:9,1,0,26
BRDA:9,1,1,0
BRDA:16,2,0,68
BRDA:16,2,1,26
BRDA:17,3,0,26
BRDA:17,3,1,0
BRDA:35,4,0,29
BRDA:35,4,1,2
BRDA:36,5,0,10
BRDA:36,5,1,19
BRDA:36,6,0,29
BRDA:36,6,1,10
BRDA:39,7,0,10
BRDA:39,7,1,1
BRDA:46,8,0,2
BRDA:46,8,1,47
BRDA:48,9,0,12
BRDA:48,9,1,35
BRDA:51,10,0,12
BRDA:51,10,1,35
BRDA:53,11,0,1
BRDA:53,11,1,34
BRDA:59,12,0,15
BRDA:59,12,1,2
BRDA:59,13,0,17
BRDA:59,13,1,2
BRDA:67,14,0,12
BRDA:67,14,1,35
BRDA:74,15,0,12
BRDA:74,15,1,35
BRDA:80,16,0,47
BRDA:80,16,1,47
BRDA:85,17,0,47
BRDA:85,17,1,47
BRDA:105,18,0,12
BRDA:105,18,1,35
BRDA:105,19,0,12
BRDA:105,19,1,10
BRDA:113,20,0,12
BRDA:113,20,1,35
BRDA:113,21,0,12
BRDA:113,21,1,10
BRDA:121,22,0,12
BRDA:121,22,1,35
BRDA:121,23,0,12
BRDA:121,23,1,10
BRDA:127,24,0,12
BRDA:127,24,1,35
BRDA:127,25,0,12
BRDA:127,25,1,10
BRDA:149,26,0,47
BRDA:149,26,1,17
BRDA:158,27,0,2
BRDA:158,27,1,15
BRDA:158,28,0,2
BRDA:158,28,1,1
BRDA:163,29,0,17
BRDA:163,29,1,11
BRDA:164,30,0,17
BRDA:164,30,1,4
BRDA:165,31,0,17
BRDA:165,31,1,2
BRDA:181,32,0,47
BRDA:181,32,1,12
BRDA:193,33,0,12
BRDA:193,33,1,35
BRF:68
BRH:66
end_of_record
TN:
SF:src\components\MonthView.js
FN:3,MonthView
FN:16,(anonymous_1)
FN:32,(anonymous_2)
FN:38,(anonymous_3)
FN:45,(anonymous_4)
FN:54,(anonymous_5)
FN:58,(anonymous_6)
FNF:7
FNH:7
FNDA:24,MonthView
FNDA:23,(anonymous_1)
FNDA:168,(anonymous_2)
FNDA:769,(anonymous_3)
FNDA:1333,(anonymous_4)
FNDA:34,(anonymous_5)
FNDA:3,(anonymous_6)
DA:4,24
DA:5,24
DA:6,24
DA:9,24
DA:10,24
DA:13,24
DA:16,24
DA:17,23
DA:19,23
DA:20,31
DA:23,23
DA:24,706
DA:26,23
DA:29,24
DA:33,168
DA:39,769
DA:46,1333
DA:47,1333
DA:55,34
DA:58,3
LF:20
LH:20
BRDA:40,0,0,737
BRDA:40,0,1,32
BRDA:48,1,0,1333
BRDA:48,1,1,43
BRDA:48,1,2,41
BRF:5
BRH:5
end_of_record
TN:
SF:src\components\SearchBar.js
FN:4,SearchBar
FN:8,(anonymous_1)
FN:48,(anonymous_2)
FNF:3
FNH:3
FNDA:170,SearchBar
FNDA:16,(anonymous_1)
FNDA:121,(anonymous_2)
DA:5,170
DA:6,170
DA:8,170
DA:9,16
DA:10,16
DA:12,14
DA:13,14
DA:14,14
DA:15,14
DA:27,13
DA:29,12
DA:30,11
DA:32,3
DA:33,3
DA:35,14
DA:39,170
DA:48,121
LF:17
LH:17
BRDA:10,0,0,2
BRDA:10,0,1,14
BRDA:27,1,0,1
BRDA:27,1,1,12
BRDA:42,2,0,14
BRDA:42,2,1,156
BRF:6
BRH:6
end_of_record
TN:
SF:src\components\Sidebar.js
FN:4,Sidebar
FN:24,(anonymous_1)
FN:25,(anonymous_2)
FN:27,(anonymous_3)
FN:30,(anonymous_4)
FN:39,(anonymous_5)
FN:46,(anonymous_6)
FN:86,(anonymous_7)
FN:102,(anonymous_8)
FNF:9
FNH:9
FNDA:43,Sidebar
FNDA:32,(anonymous_1)
FNDA:2,(anonymous_2)
FNDA:32,(anonymous_3)
FNDA:9,(anonymous_4)
FNDA:117,(anonymous_5)
FNDA:159,(anonymous_6)
FNDA:120,(anonymous_7)
FNDA:76,(anonymous_8)
DA:13,43
DA:14,43
DA:15,43
DA:17,43
DA:24,43
DA:25,32
DA:26,32
DA:27,32
DA:30,43
DA:31,9
DA:32,5
DA:34,4
DA:39,43
DA:41,117
DA:45,43
DA:46,159
DA:49,43
DA:87,120
DA:103,76
DA:107,76
DA:108,76
DA:115,76
DA:121,76
LF:23
LH:23
BRDA:31,0,0,5
BRDA:31,0,1,4
BRDA:46,1,0,159
BRDA:46,1,1,117
BRDA:51,2,0,43
BRDA:51,2,1,14
BRDA:58,3,0,29
BRDA:58,3,1,14
BRDA:58,4,0,3
BRDA:58,4,1,26
BRDA:58,5,0,4
BRDA:58,5,1,10
BRDA:61,6,0,43
BRDA:61,6,1,29
BRDA:63,7,0,3
BRDA:63,7,1,26
BRDA:66,8,0,43
BRDA:66,8,1,30
BRDA:66,9,0,14
BRDA:66,9,1,29
BRDA:72,10,0,30
BRDA:72,10,1,29
BRDA:103,11,0,76
BRDA:103,11,1,1
BRDA:144,12,0,43
BRDA:144,12,1,14
BRDA:146,13,0,4
BRDA:146,13,1,10
BRF:28
BRH:28
end_of_record
TN:
SF:src\components\Timeline.js
FN:4,Timeline
FN:21,(anonymous_1)
FN:27,(anonymous_2)
FN:27,(anonymous_3)
FN:32,(anonymous_4)
FN:34,(anonymous_5)
FN:47,(anonymous_6)
FN:55,(anonymous_7)
FN:96,(anonymous_8)
FN:116,(anonymous_9)
FN:117,(anonymous_10)
FN:131,(anonymous_11)
FN:139,(anonymous_12)
FN:140,(anonymous_13)
FN:148,(anonymous_14)
FN:156,(anonymous_15)
FN:161,(anonymous_16)
FN:165,(anonymous_17)
FN:177,(anonymous_18)
FN:196,(anonymous_19)
FN:197,(anonymous_20)
FNF:21
FNH:21
FNDA:95,Timeline
FNDA:56,(anonymous_1)
FNDA:70,(anonymous_2)
FNDA:282,(anonymous_3)
FNDA:70,(anonymous_4)
FNDA:4,(anonymous_5)
FNDA:14,(anonymous_6)
FNDA:24,(anonymous_7)
FNDA:5,(anonymous_8)
FNDA:95,(anonymous_9)
FNDA:4560,(anonymous_10)
FNDA:1,(anonymous_11)
FNDA:95,(anonymous_12)
FNDA:214,(anonymous_13)
FNDA:1,(anonymous_14)
FNDA:1,(anonymous_15)
FNDA:1,(anonymous_16)
FNDA:16,(anonymous_17)
FNDA:16,(anonymous_18)
FNDA:14,(anonymous_19)
FNDA:36,(anonymous_20)
DA:18,95
DA:19,95
DA:21,95
DA:22,56
DA:26,95
DA:27,282
DA:32,95
DA:33,70
DA:34,2
DA:35,4
DA:37,2
DA:38,1
DA:39,1
DA:40,1
DA:47,95
DA:48,14
DA:49,14
DA:50,2
DA:51,2
DA:55,12
DA:56,24
DA:57,24
DA:58,24
DA:59,24
DA:60,24
DA:61,24
DA:63,24
DA:66,12
DA:67,12
DA:69,12
DA:84,12
DA:85,12
DA:94,10
DA:95,7
DA:96,7
DA:97,5
DA:98,4
DA:102,3
DA:103,3
DA:104,2
DA:108,2
DA:109,2
DA:110,1
DA:116,95
DA:117,95
DA:118,4560
DA:119,4560
DA:120,4560
DA:121,4560
DA:122,4560
DA:123,4560
DA:124,4560
DA:126,4560
DA:131,1
DA:139,95
DA:140,95
DA:141,214
DA:142,214
DA:148,1
DA:156,95
DA:157,1
DA:158,1
DA:161,95
DA:162,1
DA:165,95
DA:166,16
DA:168,16
DA:169,16
DA:171,15
DA:172,15
DA:173,15
DA:174,15
DA:175,15
DA:177,16
DA:178,15
DA:180,14
DA:183,14
DA:184,14
DA:187,14
DA:190,14
DA:196,14
DA:197,14
DA:198,36
DA:200,14
DA:204,14
DA:207,95
LF:86
LH:86
BRDA:11,0,0,0
BRDA:16,1,0,0
BRDA:33,2,0,68
BRDA:33,2,1,2
BRDA:33,3,0,70
BRDA:33,3,1,70
BRDA:37,4,0,1
BRDA:37,4,1,1
BRDA:49,5,0,2
BRDA:49,5,1,12
BRDA:71,6,0,12
BRDA:71,6,1,2
BRDA:71,6,2,0
BRDA:74,7,0,12
BRDA:74,7,1,2
BRDA:74,7,2,0
BRDA:75,8,0,12
BRDA:75,8,1,1
BRDA:75,8,2,0
BRDA:76,9,0,12
BRDA:76,9,1,2
BRDA:76,9,2,0
BRDA:77,10,0,12
BRDA:77,10,1,1
BRDA:77,10,2,0
BRDA:78,11,0,12
BRDA:78,11,1,11
BRDA:78,11,2,9
BRDA:79,12,0,12
BRDA:79,12,1,10
BRDA:79,12,2,9
BRDA:80,13,0,12
BRDA:80,13,1,11
BRDA:80,13,2,9
BRDA:81,14,0,12
BRDA:81,14,1,2
BRDA:81,14,2,0
BRDA:94,15,0,7
BRDA:94,15,1,3
BRDA:97,16,0,4
BRDA:97,16,1,1
BRDA:103,17,0,2
BRDA:103,17,1,1
BRDA:109,18,0,1
BRDA:109,18,1,1
BRDA:119,19,0,2280
BRDA:119,19,1,2280
BRDA:122,20,0,380
BRDA:122,20,1,4180
BRDA:123,21,0,2280
BRDA:123,21,1,2280
BRDA:124,22,0,2280
BRDA:124,22,1,2280
BRDA:131,23,0,1
BRDA:131,23,1,1
BRDA:149,24,0,1
BRDA:149,24,1,213
BRDA:169,25,0,1
BRDA:169,25,1,15
BRDA:178,26,0,1
BRDA:178,26,1,14
BRDA:198,27,0,14
BRDA:198,27,1,22
BRDA:219,28,0,95
BRDA:219,28,1,2
BRF:65
BRH:57
end_of_record
TN:
SF:src\components\WeekView.js
FN:4,WeekView
FN:13,(anonymous_1)
FN:20,(anonymous_2)
FN:21,(anonymous_3)
FN:22,(anonymous_4)
FN:36,(anonymous_5)
FN:49,(anonymous_6)
FN:53,(anonymous_7)
FNF:8
FNH:8
FNDA:31,WeekView
FNDA:217,(anonymous_1)
FNDA:31,(anonymous_2)
FNDA:217,(anonymous_3)
FNDA:511,(anonymous_4)
FNDA:217,(anonymous_5)
FNDA:71,(anonymous_6)
FNDA:3,(anonymous_7)
DA:6,31
DA:9,31
DA:10,31
DA:13,31
DA:14,217
DA:15,217
DA:16,217
DA:20,31
DA:21,31
DA:22,217
DA:23,511
DA:24,511
DA:33,31
DA:37,217
DA:50,71
DA:53,3
LF:16
LH:16
BRDA:25,0,0,511
BRDA:25,0,1,71
BRDA:25,0,2,71
BRDA:46,1,0,162
BRDA:46,1,1,55
BRF:5
BRH:5
end_of_record
